Password:ISDNF Autonomous SOC Active on en0 (192.168.1.33)
Infrastructure Discovery: Gateway identified at 192.168.1.1
Cycle Error: No columns to parse from file
Cycle Error: No columns to parse from file
Cycle Error: No columns to parse from file
Cycle Error: No columns to parse from file
/Users/marmik/Network-Defence/.venv/lib/python3.13/site-packages/sklearn/utils/validation.py:2684: UserWarning: X has feature names, but IsolationForest was fitted without feature names
  warnings.warn(
/Users/marmik/Network-Defence/.venv/lib/python3.13/site-packages/sklearn/utils/validation.py:2684: UserWarning: X has feature names, but IsolationForest was fitted without feature names
  warnings.warn(
/Users/marmik/Network-Defence/.venv/lib/python3.13/site-packages/sklearn/utils/validation.py:2684: UserWarning: X has feature names, but IsolationForest was fitted without feature names
  warnings.warn(
/Users/marmik/Network-Defence/.venv/lib/python3.13/site-packages/sklearn/utils/validation.py:2684: UserWarning: X has feature names, but IsolationForest was fitted without feature names
  warnings.warn(
Cycle Error: No columns to parse from file
/Users/marmik/Network-Defence/.venv/lib/python3.13/site-packages/sklearn/utils/validation.py:2684: UserWarning: X has feature names, but IsolationForest was fitted without feature names
  warnings.warn(
/Users/marmik/Network-Defence/.venv/lib/python3.13/site-packages/sklearn/utils/validation.py:2684: UserWarning: X has feature names, but IsolationForest was fitted without feature names
  warnings.warn(
/Users/marmik/Network-Defence/.venv/lib/python3.13/site-packages/sklearn/utils/validation.py:2684: UserWarning: X has feature names, but IsolationForest was fitted without feature names
  warnings.warn(
/Users/marmik/Network-Defence/.venv/lib/python3.13/site-packages/sklearn/utils/validation.py:2684: UserWarning: X has feature names, but IsolationForest was fitted without feature names
  warnings.warn(
/Users/marmik/Network-Defence/.venv/lib/python3.13/site-packages/sklearn/utils/validation.py:2684: UserWarning: X has feature names, but IsolationForest was fitted without feature names
  warnings.warn(
/Users/marmik/Network-Defence/.venv/lib/python3.13/site-packages/sklearn/utils/validation.py:2684: UserWarning: X has feature names, but IsolationForest was fitted without feature names
  warnings.warn(
/Users/marmik/Network-Defence/.venv/lib/python3.13/site-packages/sklearn/utils/validation.py:2684: UserWarning: X has feature names, but IsolationForest was fitted without feature names
  warnings.warn(
/Users/marmik/Network-Defence/.venv/lib/python3.13/site-packages/sklearn/utils/validation.py:2684: UserWarning: X has feature names, but IsolationForest was fitted without feature names
  warnings.warn(
/Users/marmik/Network-Defence/.venv/lib/python3.13/site-packages/sklearn/utils/validation.py:2684: UserWarning: X has feature names, but IsolationForest was fitted without feature names
  warnings.warn(
/Users/marmik/Network-Defence/.venv/lib/python3.13/site-packages/sklearn/utils/validation.py:2684: UserWarning: X has feature names, but IsolationForest was fitted without feature names
  warnings.warn(
/Users/marmik/Network-Defence/.venv/lib/python3.13/site-packages/sklearn/utils/validation.py:2684: UserWarning: X has feature names, but IsolationForest was fitted without feature names
  warnings.warn(
/Users/marmik/Network-Defence/.venv/lib/python3.13/site-packages/sklearn/utils/validation.py:2684: UserWarning: X has feature names, but IsolationForest was fitted without feature names
  warnings.warn(
/Users/marmik/Network-Defence/.venv/lib/python3.13/site-packages/sklearn/utils/validation.py:2684: UserWarning: X has feature names, but IsolationForest was fitted without feature names
  warnings.warn(
/Users/marmik/Network-Defence/.venv/lib/python3.13/site-packages/sklearn/utils/validation.py:2684: UserWarning: X has feature names, but IsolationForest was fitted without feature names
  warnings.warn(
/Users/marmik/Network-Defence/.venv/lib/python3.13/site-packages/sklearn/utils/validation.py:2684: UserWarning: X has feature names, but IsolationForest was fitted without feature names
  warnings.warn(
/Users/marmik/Network-Defence/.venv/lib/python3.13/site-packages/sklearn/utils/validation.py:2684: UserWarning: X has feature names, but IsolationForest was fitted without feature names
  warnings.warn(
/Users/marmik/Network-Defence/.venv/lib/python3.13/site-packages/sklearn/utils/validation.py:2684: UserWarning: X has feature names, but IsolationForest was fitted without feature names
  warnings.warn(
/Users/marmik/Network-Defence/.venv/lib/python3.13/site-packages/sklearn/utils/validation.py:2684: UserWarning: X has feature names, but IsolationForest was fitted without feature names
  warnings.warn(
/Users/marmik/Network-Defence/.venv/lib/python3.13/site-packages/sklearn/utils/validation.py:2684: UserWarning: X has feature names, but IsolationForest was fitted without feature names
  warnings.warn(
/Users/marmik/Network-Defence/.venv/lib/python3.13/site-packages/sklearn/utils/validation.py:2684: UserWarning: X has feature names, but IsolationForest was fitted without feature names
  warnings.warn(
/Users/marmik/Network-Defence/.venv/lib/python3.13/site-packages/sklearn/utils/validation.py:2684: UserWarning: X has feature names, but IsolationForest was fitted without feature names
  warnings.warn(
/Users/marmik/Network-Defence/.venv/lib/python3.13/site-packages/sklearn/utils/validation.py:2684: UserWarning: X has feature names, but IsolationForest was fitted without feature names
  warnings.warn(
/Users/marmik/Network-Defence/.venv/lib/python3.13/site-packages/sklearn/utils/validation.py:2684: UserWarning: X has feature names, but IsolationForest was fitted without feature names
  warnings.warn(
/Users/marmik/Network-Defence/.venv/lib/python3.13/site-packages/sklearn/utils/validation.py:2684: UserWarning: X has feature names, but IsolationForest was fitted without feature names
  warnings.warn(
/Users/marmik/Network-Defence/.venv/lib/python3.13/site-packages/sklearn/utils/validation.py:2684: UserWarning: X has feature names, but IsolationForest was fitted without feature names
  warnings.warn(
/Users/marmik/Network-Defence/.venv/lib/python3.13/site-packages/sklearn/utils/validation.py:2684: UserWarning: X has feature names, but IsolationForest was fitted without feature names
  warnings.warn(
/Users/marmik/Network-Defence/.venv/lib/python3.13/site-packages/sklearn/utils/validation.py:2684: UserWarning: X has feature names, but IsolationForest was fitted without feature names
  warnings.warn(
/Users/marmik/Network-Defence/.venv/lib/python3.13/site-packages/sklearn/utils/validation.py:2684: UserWarning: X has feature names, but IsolationForest was fitted without feature names
  warnings.warn(
/Users/marmik/Network-Defence/.venv/lib/python3.13/site-packages/sklearn/utils/validation.py:2684: UserWarning: X has feature names, but IsolationForest was fitted without feature names
  warnings.warn(
/Users/marmik/Network-Defence/.venv/lib/python3.13/site-packages/sklearn/utils/validation.py:2684: UserWarning: X has feature names, but IsolationForest was fitted without feature names
  warnings.warn(
/Users/marmik/Network-Defence/.venv/lib/python3.13/site-packages/sklearn/utils/validation.py:2684: UserWarning: X has feature names, but IsolationForest was fitted without feature names
  warnings.warn(
/Users/marmik/Network-Defence/.venv/lib/python3.13/site-packages/sklearn/utils/validation.py:2684: UserWarning: X has feature names, but IsolationForest was fitted without feature names
  warnings.warn(
/Users/marmik/Network-Defence/.venv/lib/python3.13/site-packages/sklearn/utils/validation.py:2684: UserWarning: X has feature names, but IsolationForest was fitted without feature names
  warnings.warn(
/Users/marmik/Network-Defence/.venv/lib/python3.13/site-packages/sklearn/utils/validation.py:2684: UserWarning: X has feature names, but IsolationForest was fitted without feature names
  warnings.warn(
/Users/marmik/Network-Defence/.venv/lib/python3.13/site-packages/sklearn/utils/validation.py:2684: UserWarning: X has feature names, but IsolationForest was fitted without feature names
  warnings.warn(
/Users/marmik/Network-Defence/.venv/lib/python3.13/site-packages/sklearn/utils/validation.py:2684: UserWarning: X has feature names, but IsolationForest was fitted without feature names
  warnings.warn(
/Users/marmik/Network-Defence/.venv/lib/python3.13/site-packages/sklearn/utils/validation.py:2684: UserWarning: X has feature names, but IsolationForest was fitted without feature names
  warnings.warn(
/Users/marmik/Network-Defence/.venv/lib/python3.13/site-packages/sklearn/utils/validation.py:2684: UserWarning: X has feature names, but IsolationForest was fitted without feature names
  warnings.warn(
/Users/marmik/Network-Defence/.venv/lib/python3.13/site-packages/sklearn/utils/validation.py:2684: UserWarning: X has feature names, but IsolationForest was fitted without feature names
  warnings.warn(
/Users/marmik/Network-Defence/.venv/lib/python3.13/site-packages/sklearn/utils/validation.py:2684: UserWarning: X has feature names, but IsolationForest was fitted without feature names
  warnings.warn(
/Users/marmik/Network-Defence/.venv/lib/python3.13/site-packages/sklearn/utils/validation.py:2684: UserWarning: X has feature names, but IsolationForest was fitted without feature names
  warnings.warn(
/Users/marmik/Network-Defence/.venv/lib/python3.13/site-packages/sklearn/utils/validation.py:2684: UserWarning: X has feature names, but IsolationForest was fitted without feature names
  warnings.warn(
/Users/marmik/Network-Defence/.venv/lib/python3.13/site-packages/sklearn/utils/validation.py:2684: UserWarning: X has feature names, but IsolationForest was fitted without feature names
  warnings.warn(
/Users/marmik/Network-Defence/.venv/lib/python3.13/site-packages/sklearn/utils/validation.py:2684: UserWarning: X has feature names, but IsolationForest was fitted without feature names
  warnings.warn(
/Users/marmik/Network-Defence/.venv/lib/python3.13/site-packages/sklearn/utils/validation.py:2684: UserWarning: X has feature names, but IsolationForest was fitted without feature names
  warnings.warn(
/Users/marmik/Network-Defence/.venv/lib/python3.13/site-packages/sklearn/utils/validation.py:2684: UserWarning: X has feature names, but IsolationForest was fitted without feature names
  warnings.warn(
/Users/marmik/Network-Defence/.venv/lib/python3.13/site-packages/sklearn/utils/validation.py:2684: UserWarning: X has feature names, but IsolationForest was fitted without feature names
  warnings.warn(
/Users/marmik/Network-Defence/.venv/lib/python3.13/site-packages/sklearn/utils/validation.py:2684: UserWarning: X has feature names, but IsolationForest was fitted without feature names
  warnings.warn(
/Users/marmik/Network-Defence/.venv/lib/python3.13/site-packages/sklearn/utils/validation.py:2684: UserWarning: X has feature names, but IsolationForest was fitted without feature names
  warnings.warn(
/Users/marmik/Network-Defence/.venv/lib/python3.13/site-packages/sklearn/utils/validation.py:2684: UserWarning: X has feature names, but IsolationForest was fitted without feature names
  warnings.warn(
/Users/marmik/Network-Defence/.venv/lib/python3.13/site-packages/sklearn/utils/validation.py:2684: UserWarning: X has feature names, but IsolationForest was fitted without feature names
  warnings.warn(
/Users/marmik/Network-Defence/.venv/lib/python3.13/site-packages/sklearn/utils/validation.py:2684: UserWarning: X has feature names, but IsolationForest was fitted without feature names
  warnings.warn(
/Users/marmik/Network-Defence/.venv/lib/python3.13/site-packages/sklearn/utils/validation.py:2684: UserWarning: X has feature names, but IsolationForest was fitted without feature names
  warnings.warn(
/Users/marmik/Network-Defence/.venv/lib/python3.13/site-packages/sklearn/utils/validation.py:2684: UserWarning: X has feature names, but IsolationForest was fitted without feature names
  warnings.warn(
Tactical Threat: 216.239.36.223 | Risk: 100.0 | Action: BLOCK
/Users/marmik/Network-Defence/.venv/lib/python3.13/site-packages/sklearn/utils/validation.py:2684: UserWarning: X has feature names, but IsolationForest was fitted without feature names
  warnings.warn(
/Users/marmik/Network-Defence/.venv/lib/python3.13/site-packages/sklearn/utils/validation.py:2684: UserWarning: X has feature names, but IsolationForest was fitted without feature names
  warnings.warn(
/Users/marmik/Network-Defence/.venv/lib/python3.13/site-packages/sklearn/utils/validation.py:2684: UserWarning: X has feature names, but IsolationForest was fitted without feature names
  warnings.warn(
/Users/marmik/Network-Defence/.venv/lib/python3.13/site-packages/sklearn/utils/validation.py:2684: UserWarning: X has feature names, but IsolationForest was fitted without feature names
  warnings.warn(
Tactical Threat: 216.58.196.110 | Risk: 94.1 | Action: BLOCK
/Users/marmik/Network-Defence/.venv/lib/python3.13/site-packages/sklearn/utils/validation.py:2684: UserWarning: X has feature names, but IsolationForest was fitted without feature names
  warnings.warn(
/Users/marmik/Network-Defence/.venv/lib/python3.13/site-packages/sklearn/utils/validation.py:2684: UserWarning: X has feature names, but IsolationForest was fitted without feature names
  warnings.warn(
/Users/marmik/Network-Defence/.venv/lib/python3.13/site-packages/sklearn/utils/validation.py:2684: UserWarning: X has feature names, but IsolationForest was fitted without feature names
  warnings.warn(
/Users/marmik/Network-Defence/.venv/lib/python3.13/site-packages/sklearn/utils/validation.py:2684: UserWarning: X has feature names, but IsolationForest was fitted without feature names
  warnings.warn(
/Users/marmik/Network-Defence/.venv/lib/python3.13/site-packages/sklearn/utils/validation.py:2684: UserWarning: X has feature names, but IsolationForest was fitted without feature names
  warnings.warn(
/Users/marmik/Network-Defence/.venv/lib/python3.13/site-packages/sklearn/utils/validation.py:2684: UserWarning: X has feature names, but IsolationForest was fitted without feature names
  warnings.warn(
/Users/marmik/Network-Defence/.venv/lib/python3.13/site-packages/sklearn/utils/validation.py:2684: UserWarning: X has feature names, but IsolationForest was fitted without feature names
  warnings.warn(
/Users/marmik/Network-Defence/.venv/lib/python3.13/site-packages/sklearn/utils/validation.py:2684: UserWarning: X has feature names, but IsolationForest was fitted without feature names
  warnings.warn(
/Users/marmik/Network-Defence/.venv/lib/python3.13/site-packages/sklearn/utils/validation.py:2684: UserWarning: X has feature names, but IsolationForest was fitted without feature names
  warnings.warn(
/Users/marmik/Network-Defence/.venv/lib/python3.13/site-packages/sklearn/utils/validation.py:2684: UserWarning: X has feature names, but IsolationForest was fitted without feature names
  warnings.warn(
Cycle Error: TShark (pid 63131) seems to have crashed (retcode: 2).
Last error line: (pcapng: total block lengths (first 276 and second 1130521432) don't match)
Try rerunning in debug mode [ capture_obj.set_debug() ] or try updating tshark.
Exception ignored in: <function Capture.__del__ at 0x1084fccc0>
Traceback (most recent call last):
  File "/Users/marmik/Network-Defence/.venv/lib/python3.13/site-packages/pyshark/capture/capture.py", line 405, in __del__
    self.close()
  File "/Users/marmik/Network-Defence/.venv/lib/python3.13/site-packages/pyshark/capture/capture.py", line 393, in close
    self.eventloop.run_until_complete(self.close_async())
  File "/opt/homebrew/Cellar/python@3.13/3.13.5/Frameworks/Python.framework/Versions/3.13/lib/python3.13/asyncio/base_events.py", line 701, in run_until_complete
    self._check_running()
  File "/opt/homebrew/Cellar/python@3.13/3.13.5/Frameworks/Python.framework/Versions/3.13/lib/python3.13/asyncio/base_events.py", line 637, in _check_running
    raise RuntimeError('This event loop is already running')
RuntimeError: This event loop is already running
/Users/marmik/Network-Defence/.venv/lib/python3.13/site-packages/pyshark/packet/layers/xml_layer.py:26: RuntimeWarning: coroutine 'Capture.close_async' was never awaited
  attributes = dict(field.attrib)
RuntimeWarning: Enable tracemalloc to get the object allocation traceback
/Users/marmik/Network-Defence/.venv/lib/python3.13/site-packages/sklearn/utils/validation.py:2684: UserWarning: X has feature names, but IsolationForest was fitted without feature names
  warnings.warn(
/Users/marmik/Network-Defence/.venv/lib/python3.13/site-packages/sklearn/utils/validation.py:2684: UserWarning: X has feature names, but IsolationForest was fitted without feature names
  warnings.warn(
Tactical Threat: 216.239.36.223 | Risk: 86.7 | Action: BLOCK
/Users/marmik/Network-Defence/.venv/lib/python3.13/site-packages/sklearn/utils/validation.py:2684: UserWarning: X has feature names, but IsolationForest was fitted without feature names
  warnings.warn(
/Users/marmik/Network-Defence/.venv/lib/python3.13/site-packages/sklearn/utils/validation.py:2684: UserWarning: X has feature names, but IsolationForest was fitted without feature names
  warnings.warn(
Tactical Threat: 216.239.36.223 | Risk: 85.9 | Action: BLOCK
/Users/marmik/Network-Defence/.venv/lib/python3.13/site-packages/sklearn/utils/validation.py:2684: UserWarning: X has feature names, but IsolationForest was fitted without feature names
  warnings.warn(
/Users/marmik/Network-Defence/.venv/lib/python3.13/site-packages/sklearn/utils/validation.py:2684: UserWarning: X has feature names, but IsolationForest was fitted without feature names
  warnings.warn(
Tactical Threat: 216.239.36.223 | Risk: 86.1 | Action: BLOCK
/Users/marmik/Network-Defence/.venv/lib/python3.13/site-packages/sklearn/utils/validation.py:2684: UserWarning: X has feature names, but IsolationForest was fitted without feature names
  warnings.warn(
/Users/marmik/Network-Defence/.venv/lib/python3.13/site-packages/sklearn/utils/validation.py:2684: UserWarning: X has feature names, but IsolationForest was fitted without feature names
  warnings.warn(
Tactical Threat: 216.239.36.223 | Risk: 86.4 | Action: BLOCK
/Users/marmik/Network-Defence/.venv/lib/python3.13/site-packages/sklearn/utils/validation.py:2684: UserWarning: X has feature names, but IsolationForest was fitted without feature names
  warnings.warn(
/Users/marmik/Network-Defence/.venv/lib/python3.13/site-packages/sklearn/utils/validation.py:2684: UserWarning: X has feature names, but IsolationForest was fitted without feature names
  warnings.warn(
Tactical Threat: 216.239.36.223 | Risk: 86.5 | Action: BLOCK
/Users/marmik/Network-Defence/.venv/lib/python3.13/site-packages/sklearn/utils/validation.py:2684: UserWarning: X has feature names, but IsolationForest was fitted without feature names
  warnings.warn(
/Users/marmik/Network-Defence/.venv/lib/python3.13/site-packages/sklearn/utils/validation.py:2684: UserWarning: X has feature names, but IsolationForest was fitted without feature names
  warnings.warn(
Tactical Threat: 216.239.36.223 | Risk: 85.3 | Action: BLOCK
/Users/marmik/Network-Defence/.venv/lib/python3.13/site-packages/sklearn/utils/validation.py:2684: UserWarning: X has feature names, but IsolationForest was fitted without feature names
  warnings.warn(
/Users/marmik/Network-Defence/.venv/lib/python3.13/site-packages/sklearn/utils/validation.py:2684: UserWarning: X has feature names, but IsolationForest was fitted without feature names
  warnings.warn(
/Users/marmik/Network-Defence/.venv/lib/python3.13/site-packages/sklearn/utils/validation.py:2684: UserWarning: X has feature names, but IsolationForest was fitted without feature names
  warnings.warn(
/Users/marmik/Network-Defence/.venv/lib/python3.13/site-packages/sklearn/utils/validation.py:2684: UserWarning: X has feature names, but IsolationForest was fitted without feature names
  warnings.warn(
/Users/marmik/Network-Defence/.venv/lib/python3.13/site-packages/sklearn/utils/validation.py:2684: UserWarning: X has feature names, but IsolationForest was fitted without feature names
  warnings.warn(
/Users/marmik/Network-Defence/.venv/lib/python3.13/site-packages/sklearn/utils/validation.py:2684: UserWarning: X has feature names, but IsolationForest was fitted without feature names
  warnings.warn(
/Users/marmik/Network-Defence/.venv/lib/python3.13/site-packages/sklearn/utils/validation.py:2684: UserWarning: X has feature names, but IsolationForest was fitted without feature names
  warnings.warn(
/Users/marmik/Network-Defence/.venv/lib/python3.13/site-packages/sklearn/utils/validation.py:2684: UserWarning: X has feature names, but IsolationForest was fitted without feature names
  warnings.warn(
Flushed expired rules: ['216.58.196.110']
/Users/marmik/Network-Defence/.venv/lib/python3.13/site-packages/sklearn/utils/validation.py:2684: UserWarning: X has feature names, but IsolationForest was fitted without feature names
  warnings.warn(
/Users/marmik/Network-Defence/.venv/lib/python3.13/site-packages/sklearn/utils/validation.py:2684: UserWarning: X has feature names, but IsolationForest was fitted without feature names
  warnings.warn(
/Users/marmik/Network-Defence/.venv/lib/python3.13/site-packages/sklearn/utils/validation.py:2684: UserWarning: X has feature names, but IsolationForest was fitted without feature names
  warnings.warn(
/Users/marmik/Network-Defence/.venv/lib/python3.13/site-packages/sklearn/utils/validation.py:2684: UserWarning: X has feature names, but IsolationForest was fitted without feature names
  warnings.warn(
Cycle Error: TShark (pid 77935) seems to have crashed (retcode: 2).
Last error line: (pcapng: total block lengths (first 1500 and second 13312) don't match)
Try rerunning in debug mode [ capture_obj.set_debug() ] or try updating tshark.
Cycle Error: TShark (pid 79008) seems to have crashed (retcode: 2).
Last error line: (pcapng: total block lengths (first 92 and second 412544) don't match)
Try rerunning in debug mode [ capture_obj.set_debug() ] or try updating tshark.
Exception ignored in: <function Capture.__del__ at 0x1084fccc0>
Traceback (most recent call last):
  File "/Users/marmik/Network-Defence/.venv/lib/python3.13/site-packages/pyshark/capture/capture.py", line 405, in __del__
    self.close()
  File "/Users/marmik/Network-Defence/.venv/lib/python3.13/site-packages/pyshark/capture/capture.py", line 393, in close
    self.eventloop.run_until_complete(self.close_async())
  File "/opt/homebrew/Cellar/python@3.13/3.13.5/Frameworks/Python.framework/Versions/3.13/lib/python3.13/asyncio/base_events.py", line 701, in run_until_complete
    self._check_running()
  File "/opt/homebrew/Cellar/python@3.13/3.13.5/Frameworks/Python.framework/Versions/3.13/lib/python3.13/asyncio/base_events.py", line 637, in _check_running
    raise RuntimeError('This event loop is already running')
RuntimeError: This event loop is already running
/Users/marmik/Network-Defence/.venv/lib/python3.13/site-packages/pyshark/packet/fields.py:14: RuntimeWarning: coroutine 'Capture.close_async' was never awaited
  def __init__(self, name=None, showname=None, value=None, show=None, hide=None, pos=None, size=None, unmaskedvalue=None):
RuntimeWarning: Enable tracemalloc to get the object allocation traceback
Exception ignored in: <function Capture.__del__ at 0x1084fccc0>
Traceback (most recent call last):
  File "/Users/marmik/Network-Defence/.venv/lib/python3.13/site-packages/pyshark/capture/capture.py", line 405, in __del__
    self.close()
  File "/Users/marmik/Network-Defence/.venv/lib/python3.13/site-packages/pyshark/capture/capture.py", line 393, in close
    self.eventloop.run_until_complete(self.close_async())
  File "/opt/homebrew/Cellar/python@3.13/3.13.5/Frameworks/Python.framework/Versions/3.13/lib/python3.13/asyncio/base_events.py", line 701, in run_until_complete
    self._check_running()
  File "/opt/homebrew/Cellar/python@3.13/3.13.5/Frameworks/Python.framework/Versions/3.13/lib/python3.13/asyncio/base_events.py", line 637, in _check_running
    raise RuntimeError('This event loop is already running')
RuntimeError: This event loop is already running
/Users/marmik/Network-Defence/.venv/lib/python3.13/site-packages/sklearn/utils/validation.py:2684: UserWarning: X has feature names, but IsolationForest was fitted without feature names
  warnings.warn(
/Users/marmik/Network-Defence/.venv/lib/python3.13/site-packages/sklearn/utils/validation.py:2684: UserWarning: X has feature names, but IsolationForest was fitted without feature names
  warnings.warn(
/Users/marmik/Network-Defence/.venv/lib/python3.13/site-packages/sklearn/utils/validation.py:2684: UserWarning: X has feature names, but IsolationForest was fitted without feature names
  warnings.warn(
/Users/marmik/Network-Defence/.venv/lib/python3.13/site-packages/sklearn/utils/validation.py:2684: UserWarning: X has feature names, but IsolationForest was fitted without feature names
  warnings.warn(
/Users/marmik/Network-Defence/.venv/lib/python3.13/site-packages/sklearn/utils/validation.py:2684: UserWarning: X has feature names, but IsolationForest was fitted without feature names
  warnings.warn(
/Users/marmik/Network-Defence/.venv/lib/python3.13/site-packages/sklearn/utils/validation.py:2684: UserWarning: X has feature names, but IsolationForest was fitted without feature names
  warnings.warn(
/Users/marmik/Network-Defence/.venv/lib/python3.13/site-packages/sklearn/utils/validation.py:2684: UserWarning: X has feature names, but IsolationForest was fitted without feature names
  warnings.warn(
/Users/marmik/Network-Defence/.venv/lib/python3.13/site-packages/sklearn/utils/validation.py:2684: UserWarning: X has feature names, but IsolationForest was fitted without feature names
  warnings.warn(
/Users/marmik/Network-Defence/.venv/lib/python3.13/site-packages/sklearn/utils/validation.py:2684: UserWarning: X has feature names, but IsolationForest was fitted without feature names
  warnings.warn(
/Users/marmik/Network-Defence/.venv/lib/python3.13/site-packages/sklearn/utils/validation.py:2684: UserWarning: X has feature names, but IsolationForest was fitted without feature names
  warnings.warn(
Cycle Error: TShark (pid 82497) seems to have crashed (retcode: 2).
Last error line: (pcapng: total block lengths (first 152 and second 16842752) don't match)
Try rerunning in debug mode [ capture_obj.set_debug() ] or try updating tshark.
Exception ignored in: <function Capture.__del__ at 0x1084fccc0>
Traceback (most recent call last):
  File "/Users/marmik/Network-Defence/.venv/lib/python3.13/site-packages/pyshark/capture/capture.py", line 405, in __del__
    self.close()
  File "/Users/marmik/Network-Defence/.venv/lib/python3.13/site-packages/pyshark/capture/capture.py", line 393, in close
    self.eventloop.run_until_complete(self.close_async())
  File "/opt/homebrew/Cellar/python@3.13/3.13.5/Frameworks/Python.framework/Versions/3.13/lib/python3.13/asyncio/base_events.py", line 701, in run_until_complete
    self._check_running()
  File "/opt/homebrew/Cellar/python@3.13/3.13.5/Frameworks/Python.framework/Versions/3.13/lib/python3.13/asyncio/base_events.py", line 637, in _check_running
    raise RuntimeError('This event loop is already running')
RuntimeError: This event loop is already running
/Users/marmik/Network-Defence/.venv/lib/python3.13/site-packages/pyshark/packet/layers/xml_layer.py:25: RuntimeWarning: coroutine 'Capture.close_async' was never awaited
  for field in xml_obj.findall('.//field'):
RuntimeWarning: Enable tracemalloc to get the object allocation traceback
Cycle Error: TShark (pid 83054) seems to have crashed (retcode: 2).
Last error line: (pcapng: total block lengths (first 740 and second 1508) don't match)
Try rerunning in debug mode [ capture_obj.set_debug() ] or try updating tshark.
Cycle Error: TShark (pid 84021) seems to have crashed (retcode: 2).
Last error line: (pcapng: total block lengths (first 1540 and second 653599560) don't match)
Try rerunning in debug mode [ capture_obj.set_debug() ] or try updating tshark.
Exception ignored in: <function Capture.__del__ at 0x1084fccc0>
Traceback (most recent call last):
  File "/Users/marmik/Network-Defence/.venv/lib/python3.13/site-packages/pyshark/capture/capture.py", line 405, in __del__
    self.close()
  File "/Users/marmik/Network-Defence/.venv/lib/python3.13/site-packages/pyshark/capture/capture.py", line 393, in close
    self.eventloop.run_until_complete(self.close_async())
  File "/opt/homebrew/Cellar/python@3.13/3.13.5/Frameworks/Python.framework/Versions/3.13/lib/python3.13/asyncio/base_events.py", line 725, in run_until_complete
    return future.result()
  File "/Users/marmik/Network-Defence/.venv/lib/python3.13/site-packages/pyshark/capture/capture.py", line 397, in close_async
    await self._cleanup_subprocess(process)
  File "/Users/marmik/Network-Defence/.venv/lib/python3.13/site-packages/pyshark/capture/capture.py", line 379, in _cleanup_subprocess
    raise TSharkCrashException(f"TShark (pid {process.pid}) seems to have crashed (retcode: {process.returncode}).\n"
pyshark.capture.capture.TSharkCrashException: TShark (pid 83054) seems to have crashed (retcode: 2).
Last error line: (pcapng: total block lengths (first 740 and second 1508) don't match)
Try rerunning in debug mode [ capture_obj.set_debug() ] or try updating tshark.
Exception ignored in: <function Capture.__del__ at 0x1084fccc0>
Traceback (most recent call last):
  File "/Users/marmik/Network-Defence/.venv/lib/python3.13/site-packages/pyshark/capture/capture.py", line 405, in __del__
    self.close()
  File "/Users/marmik/Network-Defence/.venv/lib/python3.13/site-packages/pyshark/capture/capture.py", line 393, in close
    self.eventloop.run_until_complete(self.close_async())
  File "/opt/homebrew/Cellar/python@3.13/3.13.5/Frameworks/Python.framework/Versions/3.13/lib/python3.13/asyncio/base_events.py", line 725, in run_until_complete
    return future.result()
  File "/Users/marmik/Network-Defence/.venv/lib/python3.13/site-packages/pyshark/capture/capture.py", line 397, in close_async
    await self._cleanup_subprocess(process)
  File "/Users/marmik/Network-Defence/.venv/lib/python3.13/site-packages/pyshark/capture/capture.py", line 379, in _cleanup_subprocess
    raise TSharkCrashException(f"TShark (pid {process.pid}) seems to have crashed (retcode: {process.returncode}).\n"
pyshark.capture.capture.TSharkCrashException: TShark (pid 84021) seems to have crashed (retcode: 2).
Last error line: (pcapng: total block lengths (first 1540 and second 653599560) don't match)
Try rerunning in debug mode [ capture_obj.set_debug() ] or try updating tshark.
/Users/marmik/Network-Defence/.venv/lib/python3.13/site-packages/sklearn/utils/validation.py:2684: UserWarning: X has feature names, but IsolationForest was fitted without feature names
  warnings.warn(
/Users/marmik/Network-Defence/.venv/lib/python3.13/site-packages/sklearn/utils/validation.py:2684: UserWarning: X has feature names, but IsolationForest was fitted without feature names
  warnings.warn(
Tactical Threat: 17.137.162.3 | Risk: 88.3 | Action: BLOCK
/Users/marmik/Network-Defence/.venv/lib/python3.13/site-packages/sklearn/utils/validation.py:2684: UserWarning: X has feature names, but IsolationForest was fitted without feature names
  warnings.warn(
/Users/marmik/Network-Defence/.venv/lib/python3.13/site-packages/sklearn/utils/validation.py:2684: UserWarning: X has feature names, but IsolationForest was fitted without feature names
  warnings.warn(
/Users/marmik/Network-Defence/.venv/lib/python3.13/site-packages/sklearn/utils/validation.py:2684: UserWarning: X has feature names, but IsolationForest was fitted without feature names
  warnings.warn(
/Users/marmik/Network-Defence/.venv/lib/python3.13/site-packages/sklearn/utils/validation.py:2684: UserWarning: X has feature names, but IsolationForest was fitted without feature names
  warnings.warn(
/Users/marmik/Network-Defence/.venv/lib/python3.13/site-packages/sklearn/utils/validation.py:2684: UserWarning: X has feature names, but IsolationForest was fitted without feature names
  warnings.warn(
/Users/marmik/Network-Defence/.venv/lib/python3.13/site-packages/sklearn/utils/validation.py:2684: UserWarning: X has feature names, but IsolationForest was fitted without feature names
  warnings.warn(
Flushed expired rules: ['216.239.36.223']
/Users/marmik/Network-Defence/.venv/lib/python3.13/site-packages/sklearn/utils/validation.py:2684: UserWarning: X has feature names, but IsolationForest was fitted without feature names
  warnings.warn(
/Users/marmik/Network-Defence/.venv/lib/python3.13/site-packages/sklearn/utils/validation.py:2684: UserWarning: X has feature names, but IsolationForest was fitted without feature names
  warnings.warn(
/Users/marmik/Network-Defence/.venv/lib/python3.13/site-packages/sklearn/utils/validation.py:2684: UserWarning: X has feature names, but IsolationForest was fitted without feature names
  warnings.warn(
/Users/marmik/Network-Defence/.venv/lib/python3.13/site-packages/sklearn/utils/validation.py:2684: UserWarning: X has feature names, but IsolationForest was fitted without feature names
  warnings.warn(
/Users/marmik/Network-Defence/.venv/lib/python3.13/site-packages/sklearn/utils/validation.py:2684: UserWarning: X has feature names, but IsolationForest was fitted without feature names
  warnings.warn(
/Users/marmik/Network-Defence/.venv/lib/python3.13/site-packages/sklearn/utils/validation.py:2684: UserWarning: X has feature names, but IsolationForest was fitted without feature names
  warnings.warn(
/Users/marmik/Network-Defence/.venv/lib/python3.13/site-packages/sklearn/utils/validation.py:2684: UserWarning: X has feature names, but IsolationForest was fitted without feature names
  warnings.warn(
/Users/marmik/Network-Defence/.venv/lib/python3.13/site-packages/sklearn/utils/validation.py:2684: UserWarning: X has feature names, but IsolationForest was fitted without feature names
  warnings.warn(
/Users/marmik/Network-Defence/.venv/lib/python3.13/site-packages/sklearn/utils/validation.py:2684: UserWarning: X has feature names, but IsolationForest was fitted without feature names
  warnings.warn(
/Users/marmik/Network-Defence/.venv/lib/python3.13/site-packages/sklearn/utils/validation.py:2684: UserWarning: X has feature names, but IsolationForest was fitted without feature names
  warnings.warn(
Cycle Error: TShark (pid 89540) seems to have crashed (retcode: 2).
Last error line: (pcapng: Not enough data to handle option of length 6279)
Try rerunning in debug mode [ capture_obj.set_debug() ] or try updating tshark.
Cycle Error: TShark (pid 90495) seems to have crashed (retcode: 2).
Last error line: (pcapng: total block lengths (first 168 and second 88) don't match)
Try rerunning in debug mode [ capture_obj.set_debug() ] or try updating tshark.
Exception ignored in: <function Capture.__del__ at 0x1084fccc0>
Traceback (most recent call last):
  File "/Users/marmik/Network-Defence/.venv/lib/python3.13/site-packages/pyshark/capture/capture.py", line 405, in __del__
    self.close()
  File "/Users/marmik/Network-Defence/.venv/lib/python3.13/site-packages/pyshark/capture/capture.py", line 393, in close
    self.eventloop.run_until_complete(self.close_async())
  File "/opt/homebrew/Cellar/python@3.13/3.13.5/Frameworks/Python.framework/Versions/3.13/lib/python3.13/asyncio/base_events.py", line 701, in run_until_complete
    self._check_running()
  File "/opt/homebrew/Cellar/python@3.13/3.13.5/Frameworks/Python.framework/Versions/3.13/lib/python3.13/asyncio/base_events.py", line 637, in _check_running
    raise RuntimeError('This event loop is already running')
RuntimeError: This event loop is already running
/Users/marmik/Network-Defence/.venv/lib/python3.13/site-packages/pyshark/packet/layers/xml_layer.py:26: RuntimeWarning: coroutine 'Capture.close_async' was never awaited
  attributes = dict(field.attrib)
RuntimeWarning: Enable tracemalloc to get the object allocation traceback
Exception ignored in: <function Capture.__del__ at 0x1084fccc0>
Traceback (most recent call last):
  File "/Users/marmik/Network-Defence/.venv/lib/python3.13/site-packages/pyshark/capture/capture.py", line 405, in __del__
    self.close()
  File "/Users/marmik/Network-Defence/.venv/lib/python3.13/site-packages/pyshark/capture/capture.py", line 393, in close
    self.eventloop.run_until_complete(self.close_async())
  File "/opt/homebrew/Cellar/python@3.13/3.13.5/Frameworks/Python.framework/Versions/3.13/lib/python3.13/asyncio/base_events.py", line 701, in run_until_complete
    self._check_running()
  File "/opt/homebrew/Cellar/python@3.13/3.13.5/Frameworks/Python.framework/Versions/3.13/lib/python3.13/asyncio/base_events.py", line 637, in _check_running
    raise RuntimeError('This event loop is already running')
RuntimeError: This event loop is already running
/Users/marmik/Network-Defence/.venv/lib/python3.13/site-packages/sklearn/utils/validation.py:2684: UserWarning: X has feature names, but IsolationForest was fitted without feature names
  warnings.warn(
/Users/marmik/Network-Defence/.venv/lib/python3.13/site-packages/sklearn/utils/validation.py:2684: UserWarning: X has feature names, but IsolationForest was fitted without feature names
  warnings.warn(
Tactical Threat: 216.239.34.223 | Risk: 85.3 | Action: BLOCK
/Users/marmik/Network-Defence/.venv/lib/python3.13/site-packages/sklearn/utils/validation.py:2684: UserWarning: X has feature names, but IsolationForest was fitted without feature names
  warnings.warn(
/Users/marmik/Network-Defence/.venv/lib/python3.13/site-packages/sklearn/utils/validation.py:2684: UserWarning: X has feature names, but IsolationForest was fitted without feature names
  warnings.warn(
Tactical Threat: 216.239.36.223 | Risk: 86.4 | Action: BLOCK
Cycle Error: TShark (pid 93476) seems to have crashed (retcode: 2).
Last error line: (pcapng: total block lengths (first 1500 and second 1651917496) don't match)
Try rerunning in debug mode [ capture_obj.set_debug() ] or try updating tshark.
Exception ignored in: <function Capture.__del__ at 0x1084fccc0>
Traceback (most recent call last):
  File "/Users/marmik/Network-Defence/.venv/lib/python3.13/site-packages/pyshark/capture/capture.py", line 405, in __del__
    self.close()
  File "/Users/marmik/Network-Defence/.venv/lib/python3.13/site-packages/pyshark/capture/capture.py", line 393, in close
    self.eventloop.run_until_complete(self.close_async())
  File "/opt/homebrew/Cellar/python@3.13/3.13.5/Frameworks/Python.framework/Versions/3.13/lib/python3.13/asyncio/base_events.py", line 725, in run_until_complete
    return future.result()
  File "/Users/marmik/Network-Defence/.venv/lib/python3.13/site-packages/pyshark/capture/capture.py", line 397, in close_async
    await self._cleanup_subprocess(process)
  File "/Users/marmik/Network-Defence/.venv/lib/python3.13/site-packages/pyshark/capture/capture.py", line 379, in _cleanup_subprocess
    raise TSharkCrashException(f"TShark (pid {process.pid}) seems to have crashed (retcode: {process.returncode}).\n"
pyshark.capture.capture.TSharkCrashException: TShark (pid 93476) seems to have crashed (retcode: 2).
Last error line: (pcapng: total block lengths (first 1500 and second 1651917496) don't match)
Try rerunning in debug mode [ capture_obj.set_debug() ] or try updating tshark.
/Users/marmik/Network-Defence/.venv/lib/python3.13/site-packages/sklearn/utils/validation.py:2684: UserWarning: X has feature names, but IsolationForest was fitted without feature names
  warnings.warn(
/Users/marmik/Network-Defence/.venv/lib/python3.13/site-packages/sklearn/utils/validation.py:2684: UserWarning: X has feature names, but IsolationForest was fitted without feature names
  warnings.warn(
Tactical Threat: 216.239.34.223 | Risk: 86.2 | Action: BLOCK
/Users/marmik/Network-Defence/.venv/lib/python3.13/site-packages/sklearn/utils/validation.py:2684: UserWarning: X has feature names, but IsolationForest was fitted without feature names
  warnings.warn(
/Users/marmik/Network-Defence/.venv/lib/python3.13/site-packages/sklearn/utils/validation.py:2684: UserWarning: X has feature names, but IsolationForest was fitted without feature names
  warnings.warn(
Cycle Error: TShark (pid 95428) seems to have crashed (retcode: 2).
Last error line: (pcapng: total block lengths (first 1500 and second 2724595896) don't match)
Try rerunning in debug mode [ capture_obj.set_debug() ] or try updating tshark.
Exception ignored in: <function Capture.__del__ at 0x1084fccc0>
Traceback (most recent call last):
  File "/Users/marmik/Network-Defence/.venv/lib/python3.13/site-packages/pyshark/capture/capture.py", line 405, in __del__
    self.close()
  File "/Users/marmik/Network-Defence/.venv/lib/python3.13/site-packages/pyshark/capture/capture.py", line 393, in close
    self.eventloop.run_until_complete(self.close_async())
  File "/opt/homebrew/Cellar/python@3.13/3.13.5/Frameworks/Python.framework/Versions/3.13/lib/python3.13/asyncio/base_events.py", line 701, in run_until_complete
    self._check_running()
  File "/opt/homebrew/Cellar/python@3.13/3.13.5/Frameworks/Python.framework/Versions/3.13/lib/python3.13/asyncio/base_events.py", line 637, in _check_running
    raise RuntimeError('This event loop is already running')
RuntimeError: This event loop is already running
/Users/marmik/Network-Defence/.venv/lib/python3.13/site-packages/pyshark/packet/fields.py:14: RuntimeWarning: coroutine 'Capture.close_async' was never awaited
  def __init__(self, name=None, showname=None, value=None, show=None, hide=None, pos=None, size=None, unmaskedvalue=None):
RuntimeWarning: Enable tracemalloc to get the object allocation traceback
/Users/marmik/Network-Defence/.venv/lib/python3.13/site-packages/sklearn/utils/validation.py:2684: UserWarning: X has feature names, but IsolationForest was fitted without feature names
  warnings.warn(
/Users/marmik/Network-Defence/.venv/lib/python3.13/site-packages/sklearn/utils/validation.py:2684: UserWarning: X has feature names, but IsolationForest was fitted without feature names
  warnings.warn(
/Users/marmik/Network-Defence/.venv/lib/python3.13/site-packages/sklearn/utils/validation.py:2684: UserWarning: X has feature names, but IsolationForest was fitted without feature names
  warnings.warn(
/Users/marmik/Network-Defence/.venv/lib/python3.13/site-packages/sklearn/utils/validation.py:2684: UserWarning: X has feature names, but IsolationForest was fitted without feature names
  warnings.warn(
/Users/marmik/Network-Defence/.venv/lib/python3.13/site-packages/sklearn/utils/validation.py:2684: UserWarning: X has feature names, but IsolationForest was fitted without feature names
  warnings.warn(
/Users/marmik/Network-Defence/.venv/lib/python3.13/site-packages/sklearn/utils/validation.py:2684: UserWarning: X has feature names, but IsolationForest was fitted without feature names
  warnings.warn(
/Users/marmik/Network-Defence/.venv/lib/python3.13/site-packages/sklearn/utils/validation.py:2684: UserWarning: X has feature names, but IsolationForest was fitted without feature names
  warnings.warn(
/Users/marmik/Network-Defence/.venv/lib/python3.13/site-packages/sklearn/utils/validation.py:2684: UserWarning: X has feature names, but IsolationForest was fitted without feature names
  warnings.warn(
Flushed expired rules: ['17.137.162.3']
/Users/marmik/Network-Defence/.venv/lib/python3.13/site-packages/sklearn/utils/validation.py:2684: UserWarning: X has feature names, but IsolationForest was fitted without feature names
  warnings.warn(
/Users/marmik/Network-Defence/.venv/lib/python3.13/site-packages/sklearn/utils/validation.py:2684: UserWarning: X has feature names, but IsolationForest was fitted without feature names
  warnings.warn(
/Users/marmik/Network-Defence/.venv/lib/python3.13/site-packages/sklearn/utils/validation.py:2684: UserWarning: X has feature names, but IsolationForest was fitted without feature names
  warnings.warn(
/Users/marmik/Network-Defence/.venv/lib/python3.13/site-packages/sklearn/utils/validation.py:2684: UserWarning: X has feature names, but IsolationForest was fitted without feature names
  warnings.warn(
/Users/marmik/Network-Defence/.venv/lib/python3.13/site-packages/sklearn/utils/validation.py:2684: UserWarning: X has feature names, but IsolationForest was fitted without feature names
  warnings.warn(
/Users/marmik/Network-Defence/.venv/lib/python3.13/site-packages/sklearn/utils/validation.py:2684: UserWarning: X has feature names, but IsolationForest was fitted without feature names
  warnings.warn(
/Users/marmik/Network-Defence/.venv/lib/python3.13/site-packages/sklearn/utils/validation.py:2684: UserWarning: X has feature names, but IsolationForest was fitted without feature names
  warnings.warn(
/Users/marmik/Network-Defence/.venv/lib/python3.13/site-packages/sklearn/utils/validation.py:2684: UserWarning: X has feature names, but IsolationForest was fitted without feature names
  warnings.warn(
/Users/marmik/Network-Defence/.venv/lib/python3.13/site-packages/sklearn/utils/validation.py:2684: UserWarning: X has feature names, but IsolationForest was fitted without feature names
  warnings.warn(
/Users/marmik/Network-Defence/.venv/lib/python3.13/site-packages/sklearn/utils/validation.py:2684: UserWarning: X has feature names, but IsolationForest was fitted without feature names
  warnings.warn(
/Users/marmik/Network-Defence/.venv/lib/python3.13/site-packages/sklearn/utils/validation.py:2684: UserWarning: X has feature names, but IsolationForest was fitted without feature names
  warnings.warn(
/Users/marmik/Network-Defence/.venv/lib/python3.13/site-packages/sklearn/utils/validation.py:2684: UserWarning: X has feature names, but IsolationForest was fitted without feature names
  warnings.warn(
/Users/marmik/Network-Defence/.venv/lib/python3.13/site-packages/sklearn/utils/validation.py:2684: UserWarning: X has feature names, but IsolationForest was fitted without feature names
  warnings.warn(
/Users/marmik/Network-Defence/.venv/lib/python3.13/site-packages/sklearn/utils/validation.py:2684: UserWarning: X has feature names, but IsolationForest was fitted without feature names
  warnings.warn(
/Users/marmik/Network-Defence/.venv/lib/python3.13/site-packages/sklearn/utils/validation.py:2684: UserWarning: X has feature names, but IsolationForest was fitted without feature names
  warnings.warn(
/Users/marmik/Network-Defence/.venv/lib/python3.13/site-packages/sklearn/utils/validation.py:2684: UserWarning: X has feature names, but IsolationForest was fitted without feature names
  warnings.warn(
/Users/marmik/Network-Defence/.venv/lib/python3.13/site-packages/sklearn/utils/validation.py:2684: UserWarning: X has feature names, but IsolationForest was fitted without feature names
  warnings.warn(
/Users/marmik/Network-Defence/.venv/lib/python3.13/site-packages/sklearn/utils/validation.py:2684: UserWarning: X has feature names, but IsolationForest was fitted without feature names
  warnings.warn(
/Users/marmik/Network-Defence/.venv/lib/python3.13/site-packages/sklearn/utils/validation.py:2684: UserWarning: X has feature names, but IsolationForest was fitted without feature names
  warnings.warn(
/Users/marmik/Network-Defence/.venv/lib/python3.13/site-packages/sklearn/utils/validation.py:2684: UserWarning: X has feature names, but IsolationForest was fitted without feature names
  warnings.warn(
/Users/marmik/Network-Defence/.venv/lib/python3.13/site-packages/sklearn/utils/validation.py:2684: UserWarning: X has feature names, but IsolationForest was fitted without feature names
  warnings.warn(
/Users/marmik/Network-Defence/.venv/lib/python3.13/site-packages/sklearn/utils/validation.py:2684: UserWarning: X has feature names, but IsolationForest was fitted without feature names
  warnings.warn(
Flushed expired rules: ['216.239.34.223', '216.239.36.223']
/Users/marmik/Network-Defence/.venv/lib/python3.13/site-packages/sklearn/utils/validation.py:2684: UserWarning: X has feature names, but IsolationForest was fitted without feature names
  warnings.warn(
/Users/marmik/Network-Defence/.venv/lib/python3.13/site-packages/sklearn/utils/validation.py:2684: UserWarning: X has feature names, but IsolationForest was fitted without feature names
  warnings.warn(
/Users/marmik/Network-Defence/.venv/lib/python3.13/site-packages/sklearn/utils/validation.py:2684: UserWarning: X has feature names, but IsolationForest was fitted without feature names
  warnings.warn(
/Users/marmik/Network-Defence/.venv/lib/python3.13/site-packages/sklearn/utils/validation.py:2684: UserWarning: X has feature names, but IsolationForest was fitted without feature names
  warnings.warn(
/Users/marmik/Network-Defence/.venv/lib/python3.13/site-packages/sklearn/utils/validation.py:2684: UserWarning: X has feature names, but IsolationForest was fitted without feature names
  warnings.warn(
/Users/marmik/Network-Defence/.venv/lib/python3.13/site-packages/sklearn/utils/validation.py:2684: UserWarning: X has feature names, but IsolationForest was fitted without feature names
  warnings.warn(
/Users/marmik/Network-Defence/.venv/lib/python3.13/site-packages/sklearn/utils/validation.py:2684: UserWarning: X has feature names, but IsolationForest was fitted without feature names
  warnings.warn(
/Users/marmik/Network-Defence/.venv/lib/python3.13/site-packages/sklearn/utils/validation.py:2684: UserWarning: X has feature names, but IsolationForest was fitted without feature names
  warnings.warn(
/Users/marmik/Network-Defence/.venv/lib/python3.13/site-packages/sklearn/utils/validation.py:2684: UserWarning: X has feature names, but IsolationForest was fitted without feature names
  warnings.warn(
/Users/marmik/Network-Defence/.venv/lib/python3.13/site-packages/sklearn/utils/validation.py:2684: UserWarning: X has feature names, but IsolationForest was fitted without feature names
  warnings.warn(
Tactical Threat: 216.58.196.110 | Risk: 100.0 | Action: BLOCK
/Users/marmik/Network-Defence/.venv/lib/python3.13/site-packages/sklearn/utils/validation.py:2684: UserWarning: X has feature names, but IsolationForest was fitted without feature names
  warnings.warn(
/Users/marmik/Network-Defence/.venv/lib/python3.13/site-packages/sklearn/utils/validation.py:2684: UserWarning: X has feature names, but IsolationForest was fitted without feature names
  warnings.warn(
Tactical Threat: 216.58.196.110 | Risk: 100.0 | Action: BLOCK
/Users/marmik/Network-Defence/.venv/lib/python3.13/site-packages/sklearn/utils/validation.py:2684: UserWarning: X has feature names, but IsolationForest was fitted without feature names
  warnings.warn(
/Users/marmik/Network-Defence/.venv/lib/python3.13/site-packages/sklearn/utils/validation.py:2684: UserWarning: X has feature names, but IsolationForest was fitted without feature names
  warnings.warn(
Tactical Threat: 216.58.196.110 | Risk: 100.0 | Action: BLOCK
/Users/marmik/Network-Defence/.venv/lib/python3.13/site-packages/sklearn/utils/validation.py:2684: UserWarning: X has feature names, but IsolationForest was fitted without feature names
  warnings.warn(
/Users/marmik/Network-Defence/.venv/lib/python3.13/site-packages/sklearn/utils/validation.py:2684: UserWarning: X has feature names, but IsolationForest was fitted without feature names
  warnings.warn(
Tactical Threat: 216.58.196.110 | Risk: 100.0 | Action: BLOCK
/Users/marmik/Network-Defence/.venv/lib/python3.13/site-packages/sklearn/utils/validation.py:2684: UserWarning: X has feature names, but IsolationForest was fitted without feature names
  warnings.warn(
/Users/marmik/Network-Defence/.venv/lib/python3.13/site-packages/sklearn/utils/validation.py:2684: UserWarning: X has feature names, but IsolationForest was fitted without feature names
  warnings.warn(
/Users/marmik/Network-Defence/.venv/lib/python3.13/site-packages/sklearn/utils/validation.py:2684: UserWarning: X has feature names, but IsolationForest was fitted without feature names
  warnings.warn(
/Users/marmik/Network-Defence/.venv/lib/python3.13/site-packages/sklearn/utils/validation.py:2684: UserWarning: X has feature names, but IsolationForest was fitted without feature names
  warnings.warn(
/Users/marmik/Network-Defence/.venv/lib/python3.13/site-packages/sklearn/utils/validation.py:2684: UserWarning: X has feature names, but IsolationForest was fitted without feature names
  warnings.warn(
/Users/marmik/Network-Defence/.venv/lib/python3.13/site-packages/sklearn/utils/validation.py:2684: UserWarning: X has feature names, but IsolationForest was fitted without feature names
  warnings.warn(
/Users/marmik/Network-Defence/.venv/lib/python3.13/site-packages/sklearn/utils/validation.py:2684: UserWarning: X has feature names, but IsolationForest was fitted without feature names
  warnings.warn(
/Users/marmik/Network-Defence/.venv/lib/python3.13/site-packages/sklearn/utils/validation.py:2684: UserWarning: X has feature names, but IsolationForest was fitted without feature names
  warnings.warn(
/Users/marmik/Network-Defence/.venv/lib/python3.13/site-packages/sklearn/utils/validation.py:2684: UserWarning: X has feature names, but IsolationForest was fitted without feature names
  warnings.warn(
/Users/marmik/Network-Defence/.venv/lib/python3.13/site-packages/sklearn/utils/validation.py:2684: UserWarning: X has feature names, but IsolationForest was fitted without feature names
  warnings.warn(
/Users/marmik/Network-Defence/.venv/lib/python3.13/site-packages/sklearn/utils/validation.py:2684: UserWarning: X has feature names, but IsolationForest was fitted without feature names
  warnings.warn(
/Users/marmik/Network-Defence/.venv/lib/python3.13/site-packages/sklearn/utils/validation.py:2684: UserWarning: X has feature names, but IsolationForest was fitted without feature names
  warnings.warn(
/Users/marmik/Network-Defence/.venv/lib/python3.13/site-packages/sklearn/utils/validation.py:2684: UserWarning: X has feature names, but IsolationForest was fitted without feature names
  warnings.warn(
/Users/marmik/Network-Defence/.venv/lib/python3.13/site-packages/sklearn/utils/validation.py:2684: UserWarning: X has feature names, but IsolationForest was fitted without feature names
  warnings.warn(
/Users/marmik/Network-Defence/.venv/lib/python3.13/site-packages/sklearn/utils/validation.py:2684: UserWarning: X has feature names, but IsolationForest was fitted without feature names
  warnings.warn(
/Users/marmik/Network-Defence/.venv/lib/python3.13/site-packages/sklearn/utils/validation.py:2684: UserWarning: X has feature names, but IsolationForest was fitted without feature names
  warnings.warn(
/Users/marmik/Network-Defence/.venv/lib/python3.13/site-packages/sklearn/utils/validation.py:2684: UserWarning: X has feature names, but IsolationForest was fitted without feature names
  warnings.warn(
/Users/marmik/Network-Defence/.venv/lib/python3.13/site-packages/sklearn/utils/validation.py:2684: UserWarning: X has feature names, but IsolationForest was fitted without feature names
  warnings.warn(
/Users/marmik/Network-Defence/.venv/lib/python3.13/site-packages/sklearn/utils/validation.py:2684: UserWarning: X has feature names, but IsolationForest was fitted without feature names
  warnings.warn(
/Users/marmik/Network-Defence/.venv/lib/python3.13/site-packages/sklearn/utils/validation.py:2684: UserWarning: X has feature names, but IsolationForest was fitted without feature names
  warnings.warn(
/Users/marmik/Network-Defence/.venv/lib/python3.13/site-packages/sklearn/utils/validation.py:2684: UserWarning: X has feature names, but IsolationForest was fitted without feature names
  warnings.warn(
/Users/marmik/Network-Defence/.venv/lib/python3.13/site-packages/sklearn/utils/validation.py:2684: UserWarning: X has feature names, but IsolationForest was fitted without feature names
  warnings.warn(
/Users/marmik/Network-Defence/.venv/lib/python3.13/site-packages/sklearn/utils/validation.py:2684: UserWarning: X has feature names, but IsolationForest was fitted without feature names
  warnings.warn(
/Users/marmik/Network-Defence/.venv/lib/python3.13/site-packages/sklearn/utils/validation.py:2684: UserWarning: X has feature names, but IsolationForest was fitted without feature names
  warnings.warn(
/Users/marmik/Network-Defence/.venv/lib/python3.13/site-packages/sklearn/utils/validation.py:2684: UserWarning: X has feature names, but IsolationForest was fitted without feature names
  warnings.warn(
/Users/marmik/Network-Defence/.venv/lib/python3.13/site-packages/sklearn/utils/validation.py:2684: UserWarning: X has feature names, but IsolationForest was fitted without feature names
  warnings.warn(
/Users/marmik/Network-Defence/.venv/lib/python3.13/site-packages/sklearn/utils/validation.py:2684: UserWarning: X has feature names, but IsolationForest was fitted without feature names
  warnings.warn(
/Users/marmik/Network-Defence/.venv/lib/python3.13/site-packages/sklearn/utils/validation.py:2684: UserWarning: X has feature names, but IsolationForest was fitted without feature names
  warnings.warn(
/Users/marmik/Network-Defence/.venv/lib/python3.13/site-packages/sklearn/utils/validation.py:2684: UserWarning: X has feature names, but IsolationForest was fitted without feature names
  warnings.warn(
/Users/marmik/Network-Defence/.venv/lib/python3.13/site-packages/sklearn/utils/validation.py:2684: UserWarning: X has feature names, but IsolationForest was fitted without feature names
  warnings.warn(
/Users/marmik/Network-Defence/.venv/lib/python3.13/site-packages/sklearn/utils/validation.py:2684: UserWarning: X has feature names, but IsolationForest was fitted without feature names
  warnings.warn(
/Users/marmik/Network-Defence/.venv/lib/python3.13/site-packages/sklearn/utils/validation.py:2684: UserWarning: X has feature names, but IsolationForest was fitted without feature names
  warnings.warn(
/Users/marmik/Network-Defence/.venv/lib/python3.13/site-packages/sklearn/utils/validation.py:2684: UserWarning: X has feature names, but IsolationForest was fitted without feature names
  warnings.warn(
/Users/marmik/Network-Defence/.venv/lib/python3.13/site-packages/sklearn/utils/validation.py:2684: UserWarning: X has feature names, but IsolationForest was fitted without feature names
  warnings.warn(
/Users/marmik/Network-Defence/.venv/lib/python3.13/site-packages/sklearn/utils/validation.py:2684: UserWarning: X has feature names, but IsolationForest was fitted without feature names
  warnings.warn(
/Users/marmik/Network-Defence/.venv/lib/python3.13/site-packages/sklearn/utils/validation.py:2684: UserWarning: X has feature names, but IsolationForest was fitted without feature names
  warnings.warn(
/Users/marmik/Network-Defence/.venv/lib/python3.13/site-packages/sklearn/utils/validation.py:2684: UserWarning: X has feature names, but IsolationForest was fitted without feature names
  warnings.warn(
/Users/marmik/Network-Defence/.venv/lib/python3.13/site-packages/sklearn/utils/validation.py:2684: UserWarning: X has feature names, but IsolationForest was fitted without feature names
  warnings.warn(
Flushed expired rules: ['216.58.196.110']
/Users/marmik/Network-Defence/.venv/lib/python3.13/site-packages/sklearn/utils/validation.py:2684: UserWarning: X has feature names, but IsolationForest was fitted without feature names
  warnings.warn(
/Users/marmik/Network-Defence/.venv/lib/python3.13/site-packages/sklearn/utils/validation.py:2684: UserWarning: X has feature names, but IsolationForest was fitted without feature names
  warnings.warn(
/Users/marmik/Network-Defence/.venv/lib/python3.13/site-packages/sklearn/utils/validation.py:2684: UserWarning: X has feature names, but IsolationForest was fitted without feature names
  warnings.warn(
/Users/marmik/Network-Defence/.venv/lib/python3.13/site-packages/sklearn/utils/validation.py:2684: UserWarning: X has feature names, but IsolationForest was fitted without feature names
  warnings.warn(
/Users/marmik/Network-Defence/.venv/lib/python3.13/site-packages/sklearn/utils/validation.py:2684: UserWarning: X has feature names, but IsolationForest was fitted without feature names
  warnings.warn(
/Users/marmik/Network-Defence/.venv/lib/python3.13/site-packages/sklearn/utils/validation.py:2684: UserWarning: X has feature names, but IsolationForest was fitted without feature names
  warnings.warn(
/Users/marmik/Network-Defence/.venv/lib/python3.13/site-packages/sklearn/utils/validation.py:2684: UserWarning: X has feature names, but IsolationForest was fitted without feature names
  warnings.warn(
/Users/marmik/Network-Defence/.venv/lib/python3.13/site-packages/sklearn/utils/validation.py:2684: UserWarning: X has feature names, but IsolationForest was fitted without feature names
  warnings.warn(
/Users/marmik/Network-Defence/.venv/lib/python3.13/site-packages/sklearn/utils/validation.py:2684: UserWarning: X has feature names, but IsolationForest was fitted without feature names
  warnings.warn(
/Users/marmik/Network-Defence/.venv/lib/python3.13/site-packages/sklearn/utils/validation.py:2684: UserWarning: X has feature names, but IsolationForest was fitted without feature names
  warnings.warn(
/Users/marmik/Network-Defence/.venv/lib/python3.13/site-packages/sklearn/utils/validation.py:2684: UserWarning: X has feature names, but IsolationForest was fitted without feature names
  warnings.warn(
/Users/marmik/Network-Defence/.venv/lib/python3.13/site-packages/sklearn/utils/validation.py:2684: UserWarning: X has feature names, but IsolationForest was fitted without feature names
  warnings.warn(
/Users/marmik/Network-Defence/.venv/lib/python3.13/site-packages/sklearn/utils/validation.py:2684: UserWarning: X has feature names, but IsolationForest was fitted without feature names
  warnings.warn(
/Users/marmik/Network-Defence/.venv/lib/python3.13/site-packages/sklearn/utils/validation.py:2684: UserWarning: X has feature names, but IsolationForest was fitted without feature names
  warnings.warn(
/Users/marmik/Network-Defence/.venv/lib/python3.13/site-packages/sklearn/utils/validation.py:2684: UserWarning: X has feature names, but IsolationForest was fitted without feature names
  warnings.warn(
/Users/marmik/Network-Defence/.venv/lib/python3.13/site-packages/sklearn/utils/validation.py:2684: UserWarning: X has feature names, but IsolationForest was fitted without feature names
  warnings.warn(
/Users/marmik/Network-Defence/.venv/lib/python3.13/site-packages/sklearn/utils/validation.py:2684: UserWarning: X has feature names, but IsolationForest was fitted without feature names
  warnings.warn(
/Users/marmik/Network-Defence/.venv/lib/python3.13/site-packages/sklearn/utils/validation.py:2684: UserWarning: X has feature names, but IsolationForest was fitted without feature names
  warnings.warn(
/Users/marmik/Network-Defence/.venv/lib/python3.13/site-packages/sklearn/utils/validation.py:2684: UserWarning: X has feature names, but IsolationForest was fitted without feature names
  warnings.warn(
/Users/marmik/Network-Defence/.venv/lib/python3.13/site-packages/sklearn/utils/validation.py:2684: UserWarning: X has feature names, but IsolationForest was fitted without feature names
  warnings.warn(
/Users/marmik/Network-Defence/.venv/lib/python3.13/site-packages/sklearn/utils/validation.py:2684: UserWarning: X has feature names, but IsolationForest was fitted without feature names
  warnings.warn(
/Users/marmik/Network-Defence/.venv/lib/python3.13/site-packages/sklearn/utils/validation.py:2684: UserWarning: X has feature names, but IsolationForest was fitted without feature names
  warnings.warn(
/Users/marmik/Network-Defence/.venv/lib/python3.13/site-packages/sklearn/utils/validation.py:2684: UserWarning: X has feature names, but IsolationForest was fitted without feature names
  warnings.warn(
/Users/marmik/Network-Defence/.venv/lib/python3.13/site-packages/sklearn/utils/validation.py:2684: UserWarning: X has feature names, but IsolationForest was fitted without feature names
  warnings.warn(
/Users/marmik/Network-Defence/.venv/lib/python3.13/site-packages/sklearn/utils/validation.py:2684: UserWarning: X has feature names, but IsolationForest was fitted without feature names
  warnings.warn(
/Users/marmik/Network-Defence/.venv/lib/python3.13/site-packages/sklearn/utils/validation.py:2684: UserWarning: X has feature names, but IsolationForest was fitted without feature names
  warnings.warn(
/Users/marmik/Network-Defence/.venv/lib/python3.13/site-packages/sklearn/utils/validation.py:2684: UserWarning: X has feature names, but IsolationForest was fitted without feature names
  warnings.warn(
/Users/marmik/Network-Defence/.venv/lib/python3.13/site-packages/sklearn/utils/validation.py:2684: UserWarning: X has feature names, but IsolationForest was fitted without feature names
  warnings.warn(
/Users/marmik/Network-Defence/.venv/lib/python3.13/site-packages/sklearn/utils/validation.py:2684: UserWarning: X has feature names, but IsolationForest was fitted without feature names
  warnings.warn(
/Users/marmik/Network-Defence/.venv/lib/python3.13/site-packages/sklearn/utils/validation.py:2684: UserWarning: X has feature names, but IsolationForest was fitted without feature names
  warnings.warn(
/Users/marmik/Network-Defence/.venv/lib/python3.13/site-packages/sklearn/utils/validation.py:2684: UserWarning: X has feature names, but IsolationForest was fitted without feature names
  warnings.warn(
/Users/marmik/Network-Defence/.venv/lib/python3.13/site-packages/sklearn/utils/validation.py:2684: UserWarning: X has feature names, but IsolationForest was fitted without feature names
  warnings.warn(
/Users/marmik/Network-Defence/.venv/lib/python3.13/site-packages/sklearn/utils/validation.py:2684: UserWarning: X has feature names, but IsolationForest was fitted without feature names
  warnings.warn(
/Users/marmik/Network-Defence/.venv/lib/python3.13/site-packages/sklearn/utils/validation.py:2684: UserWarning: X has feature names, but IsolationForest was fitted without feature names
  warnings.warn(
/Users/marmik/Network-Defence/.venv/lib/python3.13/site-packages/sklearn/utils/validation.py:2684: UserWarning: X has feature names, but IsolationForest was fitted without feature names
  warnings.warn(
/Users/marmik/Network-Defence/.venv/lib/python3.13/site-packages/sklearn/utils/validation.py:2684: UserWarning: X has feature names, but IsolationForest was fitted without feature names
  warnings.warn(
/Users/marmik/Network-Defence/.venv/lib/python3.13/site-packages/sklearn/utils/validation.py:2684: UserWarning: X has feature names, but IsolationForest was fitted without feature names
  warnings.warn(
/Users/marmik/Network-Defence/.venv/lib/python3.13/site-packages/sklearn/utils/validation.py:2684: UserWarning: X has feature names, but IsolationForest was fitted without feature names
  warnings.warn(
Tactical Threat: 216.58.196.110 | Risk: 100.0 | Action: BLOCK
Cycle Error: TShark (pid 63059) seems to have crashed (retcode: 2).
Last error line: (pcapng: total block lengths (first 1500 and second 3848607400) don't match)
Try rerunning in debug mode [ capture_obj.set_debug() ] or try updating tshark.
Exception ignored in: <function Capture.__del__ at 0x1084fccc0>
Traceback (most recent call last):
  File "/Users/marmik/Network-Defence/.venv/lib/python3.13/site-packages/pyshark/capture/capture.py", line 405, in __del__
    self.close()
  File "/Users/marmik/Network-Defence/.venv/lib/python3.13/site-packages/pyshark/capture/capture.py", line 393, in close
    self.eventloop.run_until_complete(self.close_async())
  File "/opt/homebrew/Cellar/python@3.13/3.13.5/Frameworks/Python.framework/Versions/3.13/lib/python3.13/asyncio/base_events.py", line 701, in run_until_complete
    self._check_running()
  File "/opt/homebrew/Cellar/python@3.13/3.13.5/Frameworks/Python.framework/Versions/3.13/lib/python3.13/asyncio/base_events.py", line 637, in _check_running
    raise RuntimeError('This event loop is already running')
RuntimeError: This event loop is already running
/Users/marmik/Network-Defence/.venv/lib/python3.13/site-packages/pyshark/packet/layers/xml_layer.py:25: RuntimeWarning: coroutine 'Capture.close_async' was never awaited
  for field in xml_obj.findall('.//field'):
RuntimeWarning: Enable tracemalloc to get the object allocation traceback
/Users/marmik/Network-Defence/.venv/lib/python3.13/site-packages/sklearn/utils/validation.py:2684: UserWarning: X has feature names, but IsolationForest was fitted without feature names
  warnings.warn(
/Users/marmik/Network-Defence/.venv/lib/python3.13/site-packages/sklearn/utils/validation.py:2684: UserWarning: X has feature names, but IsolationForest was fitted without feature names
  warnings.warn(
/Users/marmik/Network-Defence/.venv/lib/python3.13/site-packages/sklearn/utils/validation.py:2684: UserWarning: X has feature names, but IsolationForest was fitted without feature names
  warnings.warn(
/Users/marmik/Network-Defence/.venv/lib/python3.13/site-packages/sklearn/utils/validation.py:2684: UserWarning: X has feature names, but IsolationForest was fitted without feature names
  warnings.warn(
Tactical Threat: 23.212.55.33 | Risk: 93.9 | Action: BLOCK
/Users/marmik/Network-Defence/.venv/lib/python3.13/site-packages/sklearn/utils/validation.py:2684: UserWarning: X has feature names, but IsolationForest was fitted without feature names
  warnings.warn(
/Users/marmik/Network-Defence/.venv/lib/python3.13/site-packages/sklearn/utils/validation.py:2684: UserWarning: X has feature names, but IsolationForest was fitted without feature names
  warnings.warn(
Cycle Error: TShark (pid 67325) seems to have crashed (retcode: 2).
Last error line: (pcapng: total block lengths (first 124 and second 1469018844) don't match)
Try rerunning in debug mode [ capture_obj.set_debug() ] or try updating tshark.
Cycle Error: TShark (pid 68251) seems to have crashed (retcode: 2).
Last error line: (pcapng: total block lengths (first 1500 and second 3503953036) don't match)
Try rerunning in debug mode [ capture_obj.set_debug() ] or try updating tshark.
Exception ignored in: <function Capture.__del__ at 0x1084fccc0>
Traceback (most recent call last):
  File "/Users/marmik/Network-Defence/.venv/lib/python3.13/site-packages/pyshark/capture/capture.py", line 405, in __del__
    self.close()
  File "/Users/marmik/Network-Defence/.venv/lib/python3.13/site-packages/pyshark/capture/capture.py", line 393, in close
    self.eventloop.run_until_complete(self.close_async())
  File "/opt/homebrew/Cellar/python@3.13/3.13.5/Frameworks/Python.framework/Versions/3.13/lib/python3.13/asyncio/base_events.py", line 701, in run_until_complete
    self._check_running()
  File "/opt/homebrew/Cellar/python@3.13/3.13.5/Frameworks/Python.framework/Versions/3.13/lib/python3.13/asyncio/base_events.py", line 637, in _check_running
    raise RuntimeError('This event loop is already running')
RuntimeError: This event loop is already running
/Users/marmik/Network-Defence/.venv/lib/python3.13/site-packages/pyshark/packet/fields.py:88: RuntimeWarning: coroutine 'Capture.close_async' was never awaited
  obj = str.__new__(cls, main_field.get_default_value(), *args, **kwargs)
RuntimeWarning: Enable tracemalloc to get the object allocation traceback
/Users/marmik/Network-Defence/.venv/lib/python3.13/site-packages/sklearn/utils/validation.py:2684: UserWarning: X has feature names, but IsolationForest was fitted without feature names
  warnings.warn(
/Users/marmik/Network-Defence/.venv/lib/python3.13/site-packages/sklearn/utils/validation.py:2684: UserWarning: X has feature names, but IsolationForest was fitted without feature names
  warnings.warn(
Exception ignored in: <function Capture.__del__ at 0x1084fccc0>
Traceback (most recent call last):
  File "/Users/marmik/Network-Defence/.venv/lib/python3.13/site-packages/pyshark/capture/capture.py", line 405, in __del__
    self.close()
  File "/Users/marmik/Network-Defence/.venv/lib/python3.13/site-packages/pyshark/capture/capture.py", line 393, in close
    self.eventloop.run_until_complete(self.close_async())
  File "/opt/homebrew/Cellar/python@3.13/3.13.5/Frameworks/Python.framework/Versions/3.13/lib/python3.13/asyncio/base_events.py", line 701, in run_until_complete
    self._check_running()
  File "/opt/homebrew/Cellar/python@3.13/3.13.5/Frameworks/Python.framework/Versions/3.13/lib/python3.13/asyncio/base_events.py", line 637, in _check_running
    raise RuntimeError('This event loop is already running')
RuntimeError: This event loop is already running
/Users/marmik/Network-Defence/.venv/lib/python3.13/site-packages/pyshark/packet/layers/xml_layer.py:25: RuntimeWarning: coroutine 'Capture.close_async' was never awaited
  for field in xml_obj.findall('.//field'):
RuntimeWarning: Enable tracemalloc to get the object allocation traceback
/Users/marmik/Network-Defence/.venv/lib/python3.13/site-packages/sklearn/utils/validation.py:2684: UserWarning: X has feature names, but IsolationForest was fitted without feature names
  warnings.warn(
/Users/marmik/Network-Defence/.venv/lib/python3.13/site-packages/sklearn/utils/validation.py:2684: UserWarning: X has feature names, but IsolationForest was fitted without feature names
  warnings.warn(
/Users/marmik/Network-Defence/.venv/lib/python3.13/site-packages/sklearn/utils/validation.py:2684: UserWarning: X has feature names, but IsolationForest was fitted without feature names
  warnings.warn(
/Users/marmik/Network-Defence/.venv/lib/python3.13/site-packages/sklearn/utils/validation.py:2684: UserWarning: X has feature names, but IsolationForest was fitted without feature names
  warnings.warn(
/Users/marmik/Network-Defence/.venv/lib/python3.13/site-packages/sklearn/utils/validation.py:2684: UserWarning: X has feature names, but IsolationForest was fitted without feature names
  warnings.warn(
/Users/marmik/Network-Defence/.venv/lib/python3.13/site-packages/sklearn/utils/validation.py:2684: UserWarning: X has feature names, but IsolationForest was fitted without feature names
  warnings.warn(
/Users/marmik/Network-Defence/.venv/lib/python3.13/site-packages/sklearn/utils/validation.py:2684: UserWarning: X has feature names, but IsolationForest was fitted without feature names
  warnings.warn(
/Users/marmik/Network-Defence/.venv/lib/python3.13/site-packages/sklearn/utils/validation.py:2684: UserWarning: X has feature names, but IsolationForest was fitted without feature names
  warnings.warn(
/Users/marmik/Network-Defence/.venv/lib/python3.13/site-packages/sklearn/utils/validation.py:2684: UserWarning: X has feature names, but IsolationForest was fitted without feature names
  warnings.warn(
/Users/marmik/Network-Defence/.venv/lib/python3.13/site-packages/sklearn/utils/validation.py:2684: UserWarning: X has feature names, but IsolationForest was fitted without feature names
  warnings.warn(
/Users/marmik/Network-Defence/.venv/lib/python3.13/site-packages/sklearn/utils/validation.py:2684: UserWarning: X has feature names, but IsolationForest was fitted without feature names
  warnings.warn(
/Users/marmik/Network-Defence/.venv/lib/python3.13/site-packages/sklearn/utils/validation.py:2684: UserWarning: X has feature names, but IsolationForest was fitted without feature names
  warnings.warn(
Cycle Error: TShark (pid 73960) seems to have crashed (retcode: 2).
Last error line: (pcapng: total block lengths (first 1500 and second 680373048) don't match)
Try rerunning in debug mode [ capture_obj.set_debug() ] or try updating tshark.
Exception ignored in: <function Capture.__del__ at 0x1084fccc0>
Traceback (most recent call last):
  File "/Users/marmik/Network-Defence/.venv/lib/python3.13/site-packages/pyshark/capture/capture.py", line 405, in __del__
    self.close()
  File "/Users/marmik/Network-Defence/.venv/lib/python3.13/site-packages/pyshark/capture/capture.py", line 393, in close
    self.eventloop.run_until_complete(self.close_async())
  File "/opt/homebrew/Cellar/python@3.13/3.13.5/Frameworks/Python.framework/Versions/3.13/lib/python3.13/asyncio/base_events.py", line 701, in run_until_complete
    self._check_running()
  File "/opt/homebrew/Cellar/python@3.13/3.13.5/Frameworks/Python.framework/Versions/3.13/lib/python3.13/asyncio/base_events.py", line 637, in _check_running
    raise RuntimeError('This event loop is already running')
RuntimeError: This event loop is already running
/Users/marmik/Network-Defence/.venv/lib/python3.13/site-packages/pyshark/packet/fields.py:14: RuntimeWarning: coroutine 'Capture.close_async' was never awaited
  def __init__(self, name=None, showname=None, value=None, show=None, hide=None, pos=None, size=None, unmaskedvalue=None):
RuntimeWarning: Enable tracemalloc to get the object allocation traceback
/Users/marmik/Network-Defence/.venv/lib/python3.13/site-packages/sklearn/utils/validation.py:2684: UserWarning: X has feature names, but IsolationForest was fitted without feature names
  warnings.warn(
/Users/marmik/Network-Defence/.venv/lib/python3.13/site-packages/sklearn/utils/validation.py:2684: UserWarning: X has feature names, but IsolationForest was fitted without feature names
  warnings.warn(
