Password:ISDNF Autonomous SOC Active on en0 (192.168.1.23)
Infrastructure Discovery: Gateway identified at 192.168.1.1
/Users/marmik/Network-Defence/.venv/lib/python3.13/site-packages/sklearn/utils/validation.py:2684: UserWarning: X has feature names, but IsolationForest was fitted without feature names
  warnings.warn(
/Users/marmik/Network-Defence/.venv/lib/python3.13/site-packages/sklearn/utils/validation.py:2684: UserWarning: X has feature names, but IsolationForest was fitted without feature names
  warnings.warn(
Tactical Threat: 216.239.36.223 | Risk: 91.2 | Action: BLOCK
/Users/marmik/Network-Defence/.venv/lib/python3.13/site-packages/sklearn/utils/validation.py:2684: UserWarning: X has feature names, but IsolationForest was fitted without feature names
  warnings.warn(
/Users/marmik/Network-Defence/.venv/lib/python3.13/site-packages/sklearn/utils/validation.py:2684: UserWarning: X has feature names, but IsolationForest was fitted without feature names
  warnings.warn(
Tactical Threat: 142.250.193.33 | Risk: 87.5 | Action: BLOCK
Tactical Threat: 216.239.34.223 | Risk: 90.7 | Action: BLOCK
/Users/marmik/Network-Defence/.venv/lib/python3.13/site-packages/sklearn/utils/validation.py:2684: UserWarning: X has feature names, but IsolationForest was fitted without feature names
  warnings.warn(
/Users/marmik/Network-Defence/.venv/lib/python3.13/site-packages/sklearn/utils/validation.py:2684: UserWarning: X has feature names, but IsolationForest was fitted without feature names
  warnings.warn(
/Users/marmik/Network-Defence/.venv/lib/python3.13/site-packages/sklearn/utils/validation.py:2684: UserWarning: X has feature names, but IsolationForest was fitted without feature names
  warnings.warn(
/Users/marmik/Network-Defence/.venv/lib/python3.13/site-packages/sklearn/utils/validation.py:2684: UserWarning: X has feature names, but IsolationForest was fitted without feature names
  warnings.warn(
/Users/marmik/Network-Defence/.venv/lib/python3.13/site-packages/sklearn/utils/validation.py:2684: UserWarning: X has feature names, but IsolationForest was fitted without feature names
  warnings.warn(
/Users/marmik/Network-Defence/.venv/lib/python3.13/site-packages/sklearn/utils/validation.py:2684: UserWarning: X has feature names, but IsolationForest was fitted without feature names
  warnings.warn(
/Users/marmik/Network-Defence/.venv/lib/python3.13/site-packages/sklearn/utils/validation.py:2684: UserWarning: X has feature names, but IsolationForest was fitted without feature names
  warnings.warn(
/Users/marmik/Network-Defence/.venv/lib/python3.13/site-packages/sklearn/utils/validation.py:2684: UserWarning: X has feature names, but IsolationForest was fitted without feature names
  warnings.warn(
/Users/marmik/Network-Defence/.venv/lib/python3.13/site-packages/sklearn/utils/validation.py:2684: UserWarning: X has feature names, but IsolationForest was fitted without feature names
  warnings.warn(
/Users/marmik/Network-Defence/.venv/lib/python3.13/site-packages/sklearn/utils/validation.py:2684: UserWarning: X has feature names, but IsolationForest was fitted without feature names
  warnings.warn(
/Users/marmik/Network-Defence/.venv/lib/python3.13/site-packages/sklearn/utils/validation.py:2684: UserWarning: X has feature names, but IsolationForest was fitted without feature names
  warnings.warn(
/Users/marmik/Network-Defence/.venv/lib/python3.13/site-packages/sklearn/utils/validation.py:2684: UserWarning: X has feature names, but IsolationForest was fitted without feature names
  warnings.warn(
/Users/marmik/Network-Defence/.venv/lib/python3.13/site-packages/sklearn/utils/validation.py:2684: UserWarning: X has feature names, but IsolationForest was fitted without feature names
  warnings.warn(
/Users/marmik/Network-Defence/.venv/lib/python3.13/site-packages/sklearn/utils/validation.py:2684: UserWarning: X has feature names, but IsolationForest was fitted without feature names
  warnings.warn(
/Users/marmik/Network-Defence/.venv/lib/python3.13/site-packages/sklearn/utils/validation.py:2684: UserWarning: X has feature names, but IsolationForest was fitted without feature names
  warnings.warn(
/Users/marmik/Network-Defence/.venv/lib/python3.13/site-packages/sklearn/utils/validation.py:2684: UserWarning: X has feature names, but IsolationForest was fitted without feature names
  warnings.warn(
/Users/marmik/Network-Defence/.venv/lib/python3.13/site-packages/sklearn/utils/validation.py:2684: UserWarning: X has feature names, but IsolationForest was fitted without feature names
  warnings.warn(
/Users/marmik/Network-Defence/.venv/lib/python3.13/site-packages/sklearn/utils/validation.py:2684: UserWarning: X has feature names, but IsolationForest was fitted without feature names
  warnings.warn(
/Users/marmik/Network-Defence/.venv/lib/python3.13/site-packages/sklearn/utils/validation.py:2684: UserWarning: X has feature names, but IsolationForest was fitted without feature names
  warnings.warn(
/Users/marmik/Network-Defence/.venv/lib/python3.13/site-packages/sklearn/utils/validation.py:2684: UserWarning: X has feature names, but IsolationForest was fitted without feature names
  warnings.warn(
/Users/marmik/Network-Defence/.venv/lib/python3.13/site-packages/sklearn/utils/validation.py:2684: UserWarning: X has feature names, but IsolationForest was fitted without feature names
  warnings.warn(
/Users/marmik/Network-Defence/.venv/lib/python3.13/site-packages/sklearn/utils/validation.py:2684: UserWarning: X has feature names, but IsolationForest was fitted without feature names
  warnings.warn(
/Users/marmik/Network-Defence/.venv/lib/python3.13/site-packages/sklearn/utils/validation.py:2684: UserWarning: X has feature names, but IsolationForest was fitted without feature names
  warnings.warn(
/Users/marmik/Network-Defence/.venv/lib/python3.13/site-packages/sklearn/utils/validation.py:2684: UserWarning: X has feature names, but IsolationForest was fitted without feature names
  warnings.warn(
Tactical Threat: 216.239.36.223 | Risk: 65.2 | Action: BLOCK
/Users/marmik/Network-Defence/.venv/lib/python3.13/site-packages/sklearn/utils/validation.py:2684: UserWarning: X has feature names, but IsolationForest was fitted without feature names
  warnings.warn(
/Users/marmik/Network-Defence/.venv/lib/python3.13/site-packages/sklearn/utils/validation.py:2684: UserWarning: X has feature names, but IsolationForest was fitted without feature names
  warnings.warn(
/Users/marmik/Network-Defence/.venv/lib/python3.13/site-packages/sklearn/utils/validation.py:2684: UserWarning: X has feature names, but IsolationForest was fitted without feature names
  warnings.warn(
/Users/marmik/Network-Defence/.venv/lib/python3.13/site-packages/sklearn/utils/validation.py:2684: UserWarning: X has feature names, but IsolationForest was fitted without feature names
  warnings.warn(
Tactical Threat: 139.178.197.130 | Risk: 80.7 | Action: BLOCK
Tactical Threat: 17.253.18.200 | Risk: 90.8 | Action: BLOCK
Tactical Threat: 17.253.18.207 | Risk: 90.5 | Action: BLOCK
Tactical Threat: 23.207.83.186 | Risk: 90.7 | Action: BLOCK
/Users/marmik/Network-Defence/.venv/lib/python3.13/site-packages/sklearn/utils/validation.py:2684: UserWarning: X has feature names, but IsolationForest was fitted without feature names
  warnings.warn(
/Users/marmik/Network-Defence/.venv/lib/python3.13/site-packages/sklearn/utils/validation.py:2684: UserWarning: X has feature names, but IsolationForest was fitted without feature names
  warnings.warn(
Tactical Threat: 139.178.197.130 | Risk: 99.6 | Action: BLOCK
Tactical Threat: 17.137.162.3 | Risk: 84.1 | Action: BLOCK
Tactical Threat: 17.248.239.64 | Risk: 99.6 | Action: BLOCK
/Users/marmik/Network-Defence/.venv/lib/python3.13/site-packages/sklearn/utils/validation.py:2684: UserWarning: X has feature names, but IsolationForest was fitted without feature names
  warnings.warn(
/Users/marmik/Network-Defence/.venv/lib/python3.13/site-packages/sklearn/utils/validation.py:2684: UserWarning: X has feature names, but IsolationForest was fitted without feature names
  warnings.warn(
Tactical Threat: 17.137.162.3 | Risk: 92.7 | Action: BLOCK
Tactical Threat: 17.248.239.64 | Risk: 100.0 | Action: BLOCK
Tactical Threat: 17.56.138.35 | Risk: 92.3 | Action: BLOCK
/Users/marmik/Network-Defence/.venv/lib/python3.13/site-packages/sklearn/utils/validation.py:2684: UserWarning: X has feature names, but IsolationForest was fitted without feature names
  warnings.warn(
/Users/marmik/Network-Defence/.venv/lib/python3.13/site-packages/sklearn/utils/validation.py:2684: UserWarning: X has feature names, but IsolationForest was fitted without feature names
  warnings.warn(
Tactical Threat: 17.137.162.3 | Risk: 100.0 | Action: BLOCK
Tactical Threat: 17.253.18.200 | Risk: 100.0 | Action: BLOCK
/Users/marmik/Network-Defence/.venv/lib/python3.13/site-packages/sklearn/utils/validation.py:2684: UserWarning: X has feature names, but IsolationForest was fitted without feature names
  warnings.warn(
/Users/marmik/Network-Defence/.venv/lib/python3.13/site-packages/sklearn/utils/validation.py:2684: UserWarning: X has feature names, but IsolationForest was fitted without feature names
  warnings.warn(
/Users/marmik/Network-Defence/.venv/lib/python3.13/site-packages/sklearn/utils/validation.py:2684: UserWarning: X has feature names, but IsolationForest was fitted without feature names
  warnings.warn(
/Users/marmik/Network-Defence/.venv/lib/python3.13/site-packages/sklearn/utils/validation.py:2684: UserWarning: X has feature names, but IsolationForest was fitted without feature names
  warnings.warn(
Tactical Threat: 142.250.193.33 | Risk: 95.9 | Action: BLOCK
Tactical Threat: 216.239.34.223 | Risk: 68.1 | Action: BLOCK
/Users/marmik/Network-Defence/.venv/lib/python3.13/site-packages/sklearn/utils/validation.py:2684: UserWarning: X has feature names, but IsolationForest was fitted without feature names
  warnings.warn(
/Users/marmik/Network-Defence/.venv/lib/python3.13/site-packages/sklearn/utils/validation.py:2684: UserWarning: X has feature names, but IsolationForest was fitted without feature names
  warnings.warn(
/Users/marmik/Network-Defence/.venv/lib/python3.13/site-packages/sklearn/utils/validation.py:2684: UserWarning: X has feature names, but IsolationForest was fitted without feature names
  warnings.warn(
/Users/marmik/Network-Defence/.venv/lib/python3.13/site-packages/sklearn/utils/validation.py:2684: UserWarning: X has feature names, but IsolationForest was fitted without feature names
  warnings.warn(
/Users/marmik/Network-Defence/.venv/lib/python3.13/site-packages/sklearn/utils/validation.py:2684: UserWarning: X has feature names, but IsolationForest was fitted without feature names
  warnings.warn(
/Users/marmik/Network-Defence/.venv/lib/python3.13/site-packages/sklearn/utils/validation.py:2684: UserWarning: X has feature names, but IsolationForest was fitted without feature names
  warnings.warn(
/Users/marmik/Network-Defence/.venv/lib/python3.13/site-packages/sklearn/utils/validation.py:2684: UserWarning: X has feature names, but IsolationForest was fitted without feature names
  warnings.warn(
/Users/marmik/Network-Defence/.venv/lib/python3.13/site-packages/sklearn/utils/validation.py:2684: UserWarning: X has feature names, but IsolationForest was fitted without feature names
  warnings.warn(
/Users/marmik/Network-Defence/.venv/lib/python3.13/site-packages/sklearn/utils/validation.py:2684: UserWarning: X has feature names, but IsolationForest was fitted without feature names
  warnings.warn(
/Users/marmik/Network-Defence/.venv/lib/python3.13/site-packages/sklearn/utils/validation.py:2684: UserWarning: X has feature names, but IsolationForest was fitted without feature names
  warnings.warn(
/Users/marmik/Network-Defence/.venv/lib/python3.13/site-packages/sklearn/utils/validation.py:2684: UserWarning: X has feature names, but IsolationForest was fitted without feature names
  warnings.warn(
/Users/marmik/Network-Defence/.venv/lib/python3.13/site-packages/sklearn/utils/validation.py:2684: UserWarning: X has feature names, but IsolationForest was fitted without feature names
  warnings.warn(
/Users/marmik/Network-Defence/.venv/lib/python3.13/site-packages/sklearn/utils/validation.py:2684: UserWarning: X has feature names, but IsolationForest was fitted without feature names
  warnings.warn(
/Users/marmik/Network-Defence/.venv/lib/python3.13/site-packages/sklearn/utils/validation.py:2684: UserWarning: X has feature names, but IsolationForest was fitted without feature names
  warnings.warn(
/Users/marmik/Network-Defence/.venv/lib/python3.13/site-packages/sklearn/utils/validation.py:2684: UserWarning: X has feature names, but IsolationForest was fitted without feature names
  warnings.warn(
/Users/marmik/Network-Defence/.venv/lib/python3.13/site-packages/sklearn/utils/validation.py:2684: UserWarning: X has feature names, but IsolationForest was fitted without feature names
  warnings.warn(
Tactical Threat: 216.239.34.223 | Risk: 100.0 | Action: BLOCK
/Users/marmik/Network-Defence/.venv/lib/python3.13/site-packages/sklearn/utils/validation.py:2684: UserWarning: X has feature names, but IsolationForest was fitted without feature names
  warnings.warn(
/Users/marmik/Network-Defence/.venv/lib/python3.13/site-packages/sklearn/utils/validation.py:2684: UserWarning: X has feature names, but IsolationForest was fitted without feature names
  warnings.warn(
Tactical Threat: 216.239.34.223 | Risk: 100.0 | Action: BLOCK
Tactical Threat: 216.239.36.223 | Risk: 66.6 | Action: BLOCK
/Users/marmik/Network-Defence/.venv/lib/python3.13/site-packages/sklearn/utils/validation.py:2684: UserWarning: X has feature names, but IsolationForest was fitted without feature names
  warnings.warn(
/Users/marmik/Network-Defence/.venv/lib/python3.13/site-packages/sklearn/utils/validation.py:2684: UserWarning: X has feature names, but IsolationForest was fitted without feature names
  warnings.warn(
Tactical Threat: 216.239.34.223 | Risk: 66.4 | Action: BLOCK
Tactical Threat: 216.239.36.223 | Risk: 100.0 | Action: BLOCK
/Users/marmik/Network-Defence/.venv/lib/python3.13/site-packages/sklearn/utils/validation.py:2684: UserWarning: X has feature names, but IsolationForest was fitted without feature names
  warnings.warn(
/Users/marmik/Network-Defence/.venv/lib/python3.13/site-packages/sklearn/utils/validation.py:2684: UserWarning: X has feature names, but IsolationForest was fitted without feature names
  warnings.warn(
Tactical Threat: 216.239.34.223 | Risk: 100.0 | Action: BLOCK
Tactical Threat: 216.239.36.223 | Risk: 100.0 | Action: BLOCK
/Users/marmik/Network-Defence/.venv/lib/python3.13/site-packages/sklearn/utils/validation.py:2684: UserWarning: X has feature names, but IsolationForest was fitted without feature names
  warnings.warn(
/Users/marmik/Network-Defence/.venv/lib/python3.13/site-packages/sklearn/utils/validation.py:2684: UserWarning: X has feature names, but IsolationForest was fitted without feature names
  warnings.warn(
Tactical Threat: 216.239.34.223 | Risk: 67.3 | Action: BLOCK
/Users/marmik/Network-Defence/.venv/lib/python3.13/site-packages/sklearn/utils/validation.py:2684: UserWarning: X has feature names, but IsolationForest was fitted without feature names
  warnings.warn(
/Users/marmik/Network-Defence/.venv/lib/python3.13/site-packages/sklearn/utils/validation.py:2684: UserWarning: X has feature names, but IsolationForest was fitted without feature names
  warnings.warn(
Tactical Threat: 216.239.34.223 | Risk: 65.8 | Action: BLOCK
/Users/marmik/Network-Defence/.venv/lib/python3.13/site-packages/sklearn/utils/validation.py:2684: UserWarning: X has feature names, but IsolationForest was fitted without feature names
  warnings.warn(
/Users/marmik/Network-Defence/.venv/lib/python3.13/site-packages/sklearn/utils/validation.py:2684: UserWarning: X has feature names, but IsolationForest was fitted without feature names
  warnings.warn(
Tactical Threat: 216.239.34.223 | Risk: 100.0 | Action: BLOCK
/Users/marmik/Network-Defence/.venv/lib/python3.13/site-packages/sklearn/utils/validation.py:2684: UserWarning: X has feature names, but IsolationForest was fitted without feature names
  warnings.warn(
/Users/marmik/Network-Defence/.venv/lib/python3.13/site-packages/sklearn/utils/validation.py:2684: UserWarning: X has feature names, but IsolationForest was fitted without feature names
  warnings.warn(
Tactical Threat: 216.239.34.223 | Risk: 65.6 | Action: BLOCK
Flushed expired rules: ['17.253.18.207', '23.207.83.186']
/Users/marmik/Network-Defence/.venv/lib/python3.13/site-packages/sklearn/utils/validation.py:2684: UserWarning: X has feature names, but IsolationForest was fitted without feature names
  warnings.warn(
/Users/marmik/Network-Defence/.venv/lib/python3.13/site-packages/sklearn/utils/validation.py:2684: UserWarning: X has feature names, but IsolationForest was fitted without feature names
  warnings.warn(
Tactical Threat: 216.239.34.223 | Risk: 100.0 | Action: BLOCK
/Users/marmik/Network-Defence/.venv/lib/python3.13/site-packages/sklearn/utils/validation.py:2684: UserWarning: X has feature names, but IsolationForest was fitted without feature names
  warnings.warn(
/Users/marmik/Network-Defence/.venv/lib/python3.13/site-packages/sklearn/utils/validation.py:2684: UserWarning: X has feature names, but IsolationForest was fitted without feature names
  warnings.warn(
Tactical Threat: 216.239.34.223 | Risk: 100.0 | Action: BLOCK
Tactical Threat: 216.239.36.223 | Risk: 100.0 | Action: BLOCK
Cycle Error: TShark (pid 99930) seems to have crashed (retcode: 2).
Last error line: (pcapng: total block lengths (first 100 and second 1435623392) don't match)
Try rerunning in debug mode [ capture_obj.set_debug() ] or try updating tshark.
Flushed expired rules: ['142.250.193.33', '139.178.197.130', '17.253.18.200', '17.137.162.3', '17.248.239.64', '17.56.138.35']
Cycle Error: TShark (pid 1306) seems to have crashed (retcode: 2).
Last error line: (pcapng: total block lengths (first 724 and second 3126334964) don't match)
Try rerunning in debug mode [ capture_obj.set_debug() ] or try updating tshark.
Exception ignored in: <function Capture.__del__ at 0x109cd0cc0>
Traceback (most recent call last):
  File "/Users/marmik/Network-Defence/.venv/lib/python3.13/site-packages/pyshark/capture/capture.py", line 405, in __del__
    self.close()
  File "/Users/marmik/Network-Defence/.venv/lib/python3.13/site-packages/pyshark/capture/capture.py", line 393, in close
    self.eventloop.run_until_complete(self.close_async())
  File "/opt/homebrew/Cellar/python@3.13/3.13.5/Frameworks/Python.framework/Versions/3.13/lib/python3.13/asyncio/base_events.py", line 725, in run_until_complete
    return future.result()
  File "/Users/marmik/Network-Defence/.venv/lib/python3.13/site-packages/pyshark/capture/capture.py", line 397, in close_async
    await self._cleanup_subprocess(process)
  File "/Users/marmik/Network-Defence/.venv/lib/python3.13/site-packages/pyshark/capture/capture.py", line 379, in _cleanup_subprocess
    raise TSharkCrashException(f"TShark (pid {process.pid}) seems to have crashed (retcode: {process.returncode}).\n"
pyshark.capture.capture.TSharkCrashException: TShark (pid 1306) seems to have crashed (retcode: 2).
Last error line: (pcapng: total block lengths (first 724 and second 3126334964) don't match)
Try rerunning in debug mode [ capture_obj.set_debug() ] or try updating tshark.
/Users/marmik/Network-Defence/.venv/lib/python3.13/site-packages/sklearn/utils/validation.py:2684: UserWarning: X has feature names, but IsolationForest was fitted without feature names
  warnings.warn(
/Users/marmik/Network-Defence/.venv/lib/python3.13/site-packages/sklearn/utils/validation.py:2684: UserWarning: X has feature names, but IsolationForest was fitted without feature names
  warnings.warn(
Tactical Threat: 216.239.36.223 | Risk: 100.0 | Action: BLOCK
Cycle Error: TShark (pid 3743) seems to have crashed (retcode: 2).
Last error line: (pcapng: total block lengths (first 100 and second 572) don't match)
Try rerunning in debug mode [ capture_obj.set_debug() ] or try updating tshark.
Exception ignored in: <function Capture.__del__ at 0x109cd0cc0>
Traceback (most recent call last):
  File "/Users/marmik/Network-Defence/.venv/lib/python3.13/site-packages/pyshark/capture/capture.py", line 405, in __del__
    self.close()
  File "/Users/marmik/Network-Defence/.venv/lib/python3.13/site-packages/pyshark/capture/capture.py", line 393, in close
    self.eventloop.run_until_complete(self.close_async())
  File "/opt/homebrew/Cellar/python@3.13/3.13.5/Frameworks/Python.framework/Versions/3.13/lib/python3.13/asyncio/base_events.py", line 701, in run_until_complete
    self._check_running()
  File "/opt/homebrew/Cellar/python@3.13/3.13.5/Frameworks/Python.framework/Versions/3.13/lib/python3.13/asyncio/base_events.py", line 637, in _check_running
    raise RuntimeError('This event loop is already running')
RuntimeError: This event loop is already running
/Users/marmik/Network-Defence/.venv/lib/python3.13/site-packages/pyshark/packet/fields.py:88: RuntimeWarning: coroutine 'Capture.close_async' was never awaited
  obj = str.__new__(cls, main_field.get_default_value(), *args, **kwargs)
RuntimeWarning: Enable tracemalloc to get the object allocation traceback
Cycle Error: TShark (pid 4704) seems to have crashed (retcode: 2).
Last error line: (pcapng: total block length 790765288 is too large (> 134348832))
Try rerunning in debug mode [ capture_obj.set_debug() ] or try updating tshark.
/Users/marmik/Network-Defence/.venv/lib/python3.13/site-packages/sklearn/utils/validation.py:2684: UserWarning: X has feature names, but IsolationForest was fitted without feature names
  warnings.warn(
/Users/marmik/Network-Defence/.venv/lib/python3.13/site-packages/sklearn/utils/validation.py:2684: UserWarning: X has feature names, but IsolationForest was fitted without feature names
  warnings.warn(
Tactical Threat: 17.242.13.5 | Risk: 87.9 | Action: BLOCK
Exception ignored in: <function Capture.__del__ at 0x109cd0cc0>
Traceback (most recent call last):
  File "/Users/marmik/Network-Defence/.venv/lib/python3.13/site-packages/pyshark/capture/capture.py", line 405, in __del__
    self.close()
  File "/Users/marmik/Network-Defence/.venv/lib/python3.13/site-packages/pyshark/capture/capture.py", line 393, in close
    self.eventloop.run_until_complete(self.close_async())
  File "/opt/homebrew/Cellar/python@3.13/3.13.5/Frameworks/Python.framework/Versions/3.13/lib/python3.13/asyncio/base_events.py", line 725, in run_until_complete
    return future.result()
  File "/Users/marmik/Network-Defence/.venv/lib/python3.13/site-packages/pyshark/capture/capture.py", line 397, in close_async
    await self._cleanup_subprocess(process)
  File "/Users/marmik/Network-Defence/.venv/lib/python3.13/site-packages/pyshark/capture/capture.py", line 379, in _cleanup_subprocess
    raise TSharkCrashException(f"TShark (pid {process.pid}) seems to have crashed (retcode: {process.returncode}).\n"
pyshark.capture.capture.TSharkCrashException: TShark (pid 99930) seems to have crashed (retcode: 2).
Last error line: (pcapng: total block lengths (first 100 and second 1435623392) don't match)
Try rerunning in debug mode [ capture_obj.set_debug() ] or try updating tshark.
Exception ignored in: <function Capture.__del__ at 0x109cd0cc0>
Traceback (most recent call last):
  File "/Users/marmik/Network-Defence/.venv/lib/python3.13/site-packages/pyshark/capture/capture.py", line 405, in __del__
    self.close()
  File "/Users/marmik/Network-Defence/.venv/lib/python3.13/site-packages/pyshark/capture/capture.py", line 393, in close
    self.eventloop.run_until_complete(self.close_async())
  File "/opt/homebrew/Cellar/python@3.13/3.13.5/Frameworks/Python.framework/Versions/3.13/lib/python3.13/asyncio/base_events.py", line 725, in run_until_complete
    return future.result()
  File "/Users/marmik/Network-Defence/.venv/lib/python3.13/site-packages/pyshark/capture/capture.py", line 397, in close_async
    await self._cleanup_subprocess(process)
  File "/Users/marmik/Network-Defence/.venv/lib/python3.13/site-packages/pyshark/capture/capture.py", line 379, in _cleanup_subprocess
    raise TSharkCrashException(f"TShark (pid {process.pid}) seems to have crashed (retcode: {process.returncode}).\n"
pyshark.capture.capture.TSharkCrashException: TShark (pid 4704) seems to have crashed (retcode: 2).
Last error line: (pcapng: total block length 790765288 is too large (> 134348832))
Try rerunning in debug mode [ capture_obj.set_debug() ] or try updating tshark.
/Users/marmik/Network-Defence/.venv/lib/python3.13/site-packages/sklearn/utils/validation.py:2684: UserWarning: X has feature names, but IsolationForest was fitted without feature names
  warnings.warn(
/Users/marmik/Network-Defence/.venv/lib/python3.13/site-packages/sklearn/utils/validation.py:2684: UserWarning: X has feature names, but IsolationForest was fitted without feature names
  warnings.warn(
/Users/marmik/Network-Defence/.venv/lib/python3.13/site-packages/sklearn/utils/validation.py:2684: UserWarning: X has feature names, but IsolationForest was fitted without feature names
  warnings.warn(
/Users/marmik/Network-Defence/.venv/lib/python3.13/site-packages/sklearn/utils/validation.py:2684: UserWarning: X has feature names, but IsolationForest was fitted without feature names
  warnings.warn(
/Users/marmik/Network-Defence/.venv/lib/python3.13/site-packages/sklearn/utils/validation.py:2684: UserWarning: X has feature names, but IsolationForest was fitted without feature names
  warnings.warn(
/Users/marmik/Network-Defence/.venv/lib/python3.13/site-packages/sklearn/utils/validation.py:2684: UserWarning: X has feature names, but IsolationForest was fitted without feature names
  warnings.warn(
/Users/marmik/Network-Defence/.venv/lib/python3.13/site-packages/sklearn/utils/validation.py:2684: UserWarning: X has feature names, but IsolationForest was fitted without feature names
  warnings.warn(
/Users/marmik/Network-Defence/.venv/lib/python3.13/site-packages/sklearn/utils/validation.py:2684: UserWarning: X has feature names, but IsolationForest was fitted without feature names
  warnings.warn(
/Users/marmik/Network-Defence/.venv/lib/python3.13/site-packages/sklearn/utils/validation.py:2684: UserWarning: X has feature names, but IsolationForest was fitted without feature names
  warnings.warn(
/Users/marmik/Network-Defence/.venv/lib/python3.13/site-packages/sklearn/utils/validation.py:2684: UserWarning: X has feature names, but IsolationForest was fitted without feature names
  warnings.warn(
Cycle Error: TShark (pid 9734) seems to have crashed (retcode: 2).
Last error line: (pcapng: total block length 8 of an EPB is less than the minimum EPB size 32)
Try rerunning in debug mode [ capture_obj.set_debug() ] or try updating tshark.
Cycle Error: TShark (pid 10256) seems to have crashed (retcode: 2).
Last error line: (pcapng: total block length 0 of an unknown block type is less than the minimum block size 12)
Try rerunning in debug mode [ capture_obj.set_debug() ] or try updating tshark.
Exception ignored in: <function Capture.__del__ at 0x109cd0cc0>
Traceback (most recent call last):
  File "/Users/marmik/Network-Defence/.venv/lib/python3.13/site-packages/pyshark/capture/capture.py", line 405, in __del__
    self.close()
  File "/Users/marmik/Network-Defence/.venv/lib/python3.13/site-packages/pyshark/capture/capture.py", line 393, in close
    self.eventloop.run_until_complete(self.close_async())
  File "/opt/homebrew/Cellar/python@3.13/3.13.5/Frameworks/Python.framework/Versions/3.13/lib/python3.13/asyncio/base_events.py", line 701, in run_until_complete
    self._check_running()
  File "/opt/homebrew/Cellar/python@3.13/3.13.5/Frameworks/Python.framework/Versions/3.13/lib/python3.13/asyncio/base_events.py", line 637, in _check_running
    raise RuntimeError('This event loop is already running')
RuntimeError: This event loop is already running
/Users/marmik/Network-Defence/.venv/lib/python3.13/site-packages/pyshark/packet/fields.py:14: RuntimeWarning: coroutine 'Capture.close_async' was never awaited
  def __init__(self, name=None, showname=None, value=None, show=None, hide=None, pos=None, size=None, unmaskedvalue=None):
RuntimeWarning: Enable tracemalloc to get the object allocation traceback
Exception ignored in: <function Capture.__del__ at 0x109cd0cc0>
Traceback (most recent call last):
  File "/Users/marmik/Network-Defence/.venv/lib/python3.13/site-packages/pyshark/capture/capture.py", line 405, in __del__
    self.close()
  File "/Users/marmik/Network-Defence/.venv/lib/python3.13/site-packages/pyshark/capture/capture.py", line 393, in close
    self.eventloop.run_until_complete(self.close_async())
  File "/opt/homebrew/Cellar/python@3.13/3.13.5/Frameworks/Python.framework/Versions/3.13/lib/python3.13/asyncio/base_events.py", line 701, in run_until_complete
    self._check_running()
  File "/opt/homebrew/Cellar/python@3.13/3.13.5/Frameworks/Python.framework/Versions/3.13/lib/python3.13/asyncio/base_events.py", line 637, in _check_running
    raise RuntimeError('This event loop is already running')
RuntimeError: This event loop is already running
/Users/marmik/Network-Defence/.venv/lib/python3.13/site-packages/sklearn/utils/validation.py:2684: UserWarning: X has feature names, but IsolationForest was fitted without feature names
  warnings.warn(
/Users/marmik/Network-Defence/.venv/lib/python3.13/site-packages/sklearn/utils/validation.py:2684: UserWarning: X has feature names, but IsolationForest was fitted without feature names
  warnings.warn(
/Users/marmik/Network-Defence/.venv/lib/python3.13/site-packages/sklearn/utils/validation.py:2684: UserWarning: X has feature names, but IsolationForest was fitted without feature names
  warnings.warn(
/Users/marmik/Network-Defence/.venv/lib/python3.13/site-packages/sklearn/utils/validation.py:2684: UserWarning: X has feature names, but IsolationForest was fitted without feature names
  warnings.warn(
/Users/marmik/Network-Defence/.venv/lib/python3.13/site-packages/sklearn/utils/validation.py:2684: UserWarning: X has feature names, but IsolationForest was fitted without feature names
  warnings.warn(
/Users/marmik/Network-Defence/.venv/lib/python3.13/site-packages/sklearn/utils/validation.py:2684: UserWarning: X has feature names, but IsolationForest was fitted without feature names
  warnings.warn(
/Users/marmik/Network-Defence/.venv/lib/python3.13/site-packages/sklearn/utils/validation.py:2684: UserWarning: X has feature names, but IsolationForest was fitted without feature names
  warnings.warn(
/Users/marmik/Network-Defence/.venv/lib/python3.13/site-packages/sklearn/utils/validation.py:2684: UserWarning: X has feature names, but IsolationForest was fitted without feature names
  warnings.warn(
Tactical Threat: 216.58.196.110 | Risk: 100.0 | Action: BLOCK
/Users/marmik/Network-Defence/.venv/lib/python3.13/site-packages/sklearn/utils/validation.py:2684: UserWarning: X has feature names, but IsolationForest was fitted without feature names
  warnings.warn(
/Users/marmik/Network-Defence/.venv/lib/python3.13/site-packages/sklearn/utils/validation.py:2684: UserWarning: X has feature names, but IsolationForest was fitted without feature names
  warnings.warn(
Tactical Threat: 216.58.196.110 | Risk: 100.0 | Action: BLOCK
/Users/marmik/Network-Defence/.venv/lib/python3.13/site-packages/sklearn/utils/validation.py:2684: UserWarning: X has feature names, but IsolationForest was fitted without feature names
  warnings.warn(
/Users/marmik/Network-Defence/.venv/lib/python3.13/site-packages/sklearn/utils/validation.py:2684: UserWarning: X has feature names, but IsolationForest was fitted without feature names
  warnings.warn(
Tactical Threat: 216.58.196.110 | Risk: 100.0 | Action: BLOCK
Cycle Error: TShark (pid 14803) seems to have crashed (retcode: 2).
Last error line: (pcapng: total block lengths (first 1276 and second 982914184) don't match)
Try rerunning in debug mode [ capture_obj.set_debug() ] or try updating tshark.
Exception ignored in: <function Capture.__del__ at 0x109cd0cc0>
Traceback (most recent call last):
  File "/Users/marmik/Network-Defence/.venv/lib/python3.13/site-packages/pyshark/capture/capture.py", line 405, in __del__
    self.close()
  File "/Users/marmik/Network-Defence/.venv/lib/python3.13/site-packages/pyshark/capture/capture.py", line 393, in close
    self.eventloop.run_until_complete(self.close_async())
  File "/opt/homebrew/Cellar/python@3.13/3.13.5/Frameworks/Python.framework/Versions/3.13/lib/python3.13/asyncio/base_events.py", line 701, in run_until_complete
    self._check_running()
  File "/opt/homebrew/Cellar/python@3.13/3.13.5/Frameworks/Python.framework/Versions/3.13/lib/python3.13/asyncio/base_events.py", line 637, in _check_running
    raise RuntimeError('This event loop is already running')
RuntimeError: This event loop is already running
/Users/marmik/Network-Defence/.venv/lib/python3.13/site-packages/pyshark/packet/layers/xml_layer.py:25: RuntimeWarning: coroutine 'Capture.close_async' was never awaited
  for field in xml_obj.findall('.//field'):
RuntimeWarning: Enable tracemalloc to get the object allocation traceback
Cycle Error: TShark (pid 15323) seems to have crashed (retcode: 2).
Last error line: (pcapng: total block lengths (first 616 and second 50595072) don't match)
Try rerunning in debug mode [ capture_obj.set_debug() ] or try updating tshark.
Flushed expired rules: ['216.239.34.223']
/Users/marmik/Network-Defence/.venv/lib/python3.13/site-packages/sklearn/utils/validation.py:2684: UserWarning: X has feature names, but IsolationForest was fitted without feature names
  warnings.warn(
/Users/marmik/Network-Defence/.venv/lib/python3.13/site-packages/sklearn/utils/validation.py:2684: UserWarning: X has feature names, but IsolationForest was fitted without feature names
  warnings.warn(
/Users/marmik/Network-Defence/.venv/lib/python3.13/site-packages/sklearn/utils/validation.py:2684: UserWarning: X has feature names, but IsolationForest was fitted without feature names
  warnings.warn(
/Users/marmik/Network-Defence/.venv/lib/python3.13/site-packages/sklearn/utils/validation.py:2684: UserWarning: X has feature names, but IsolationForest was fitted without feature names
  warnings.warn(
Cycle Error: TShark (pid 17344) seems to have crashed (retcode: 2).
Last error line: (pcapng: total block lengths (first 1500 and second 0) don't match)
Try rerunning in debug mode [ capture_obj.set_debug() ] or try updating tshark.
Cycle Error: TShark (pid 18475) seems to have crashed (retcode: 2).
Last error line: (pcapng: total block lengths (first 1500 and second 1608739848) don't match)
Try rerunning in debug mode [ capture_obj.set_debug() ] or try updating tshark.
Flushed expired rules: ['216.239.36.223']
Exception ignored in: <function Capture.__del__ at 0x109cd0cc0>
Traceback (most recent call last):
  File "/Users/marmik/Network-Defence/.venv/lib/python3.13/site-packages/pyshark/capture/capture.py", line 405, in __del__
    self.close()
  File "/Users/marmik/Network-Defence/.venv/lib/python3.13/site-packages/pyshark/capture/capture.py", line 393, in close
    self.eventloop.run_until_complete(self.close_async())
  File "/opt/homebrew/Cellar/python@3.13/3.13.5/Frameworks/Python.framework/Versions/3.13/lib/python3.13/asyncio/base_events.py", line 701, in run_until_complete
    self._check_running()
  File "/opt/homebrew/Cellar/python@3.13/3.13.5/Frameworks/Python.framework/Versions/3.13/lib/python3.13/asyncio/base_events.py", line 637, in _check_running
    raise RuntimeError('This event loop is already running')
RuntimeError: This event loop is already running
/Users/marmik/Network-Defence/.venv/lib/python3.13/site-packages/pyshark/packet/fields.py:14: RuntimeWarning: coroutine 'Capture.close_async' was never awaited
  def __init__(self, name=None, showname=None, value=None, show=None, hide=None, pos=None, size=None, unmaskedvalue=None):
RuntimeWarning: Enable tracemalloc to get the object allocation traceback
Exception ignored in: <function Capture.__del__ at 0x109cd0cc0>
Traceback (most recent call last):
  File "/Users/marmik/Network-Defence/.venv/lib/python3.13/site-packages/pyshark/capture/capture.py", line 405, in __del__
    self.close()
  File "/Users/marmik/Network-Defence/.venv/lib/python3.13/site-packages/pyshark/capture/capture.py", line 393, in close
    self.eventloop.run_until_complete(self.close_async())
  File "/opt/homebrew/Cellar/python@3.13/3.13.5/Frameworks/Python.framework/Versions/3.13/lib/python3.13/asyncio/base_events.py", line 725, in run_until_complete
    return future.result()
  File "/Users/marmik/Network-Defence/.venv/lib/python3.13/site-packages/pyshark/capture/capture.py", line 397, in close_async
    await self._cleanup_subprocess(process)
  File "/Users/marmik/Network-Defence/.venv/lib/python3.13/site-packages/pyshark/capture/capture.py", line 379, in _cleanup_subprocess
    raise TSharkCrashException(f"TShark (pid {process.pid}) seems to have crashed (retcode: {process.returncode}).\n"
pyshark.capture.capture.TSharkCrashException: TShark (pid 15323) seems to have crashed (retcode: 2).
Last error line: (pcapng: total block lengths (first 616 and second 50595072) don't match)
Try rerunning in debug mode [ capture_obj.set_debug() ] or try updating tshark.
Exception ignored in: <function Capture.__del__ at 0x109cd0cc0>
Traceback (most recent call last):
  File "/Users/marmik/Network-Defence/.venv/lib/python3.13/site-packages/pyshark/capture/capture.py", line 405, in __del__
    self.close()
  File "/Users/marmik/Network-Defence/.venv/lib/python3.13/site-packages/pyshark/capture/capture.py", line 393, in close
    self.eventloop.run_until_complete(self.close_async())
  File "/opt/homebrew/Cellar/python@3.13/3.13.5/Frameworks/Python.framework/Versions/3.13/lib/python3.13/asyncio/base_events.py", line 725, in run_until_complete
    return future.result()
  File "/Users/marmik/Network-Defence/.venv/lib/python3.13/site-packages/pyshark/capture/capture.py", line 397, in close_async
    await self._cleanup_subprocess(process)
  File "/Users/marmik/Network-Defence/.venv/lib/python3.13/site-packages/pyshark/capture/capture.py", line 379, in _cleanup_subprocess
    raise TSharkCrashException(f"TShark (pid {process.pid}) seems to have crashed (retcode: {process.returncode}).\n"
pyshark.capture.capture.TSharkCrashException: TShark (pid 17344) seems to have crashed (retcode: 2).
Last error line: (pcapng: total block lengths (first 1500 and second 0) don't match)
Try rerunning in debug mode [ capture_obj.set_debug() ] or try updating tshark.
/Users/marmik/Network-Defence/.venv/lib/python3.13/site-packages/sklearn/utils/validation.py:2684: UserWarning: X has feature names, but IsolationForest was fitted without feature names
  warnings.warn(
/Users/marmik/Network-Defence/.venv/lib/python3.13/site-packages/sklearn/utils/validation.py:2684: UserWarning: X has feature names, but IsolationForest was fitted without feature names
  warnings.warn(
Tactical Threat: 216.239.34.223 | Risk: 100.0 | Action: BLOCK
/Users/marmik/Network-Defence/.venv/lib/python3.13/site-packages/sklearn/utils/validation.py:2684: UserWarning: X has feature names, but IsolationForest was fitted without feature names
  warnings.warn(
/Users/marmik/Network-Defence/.venv/lib/python3.13/site-packages/sklearn/utils/validation.py:2684: UserWarning: X has feature names, but IsolationForest was fitted without feature names
  warnings.warn(
Tactical Threat: 216.239.34.223 | Risk: 67.3 | Action: BLOCK
/Users/marmik/Network-Defence/.venv/lib/python3.13/site-packages/sklearn/utils/validation.py:2684: UserWarning: X has feature names, but IsolationForest was fitted without feature names
  warnings.warn(
/Users/marmik/Network-Defence/.venv/lib/python3.13/site-packages/sklearn/utils/validation.py:2684: UserWarning: X has feature names, but IsolationForest was fitted without feature names
  warnings.warn(
Tactical Threat: 216.239.34.223 | Risk: 100.0 | Action: BLOCK
/Users/marmik/Network-Defence/.venv/lib/python3.13/site-packages/sklearn/utils/validation.py:2684: UserWarning: X has feature names, but IsolationForest was fitted without feature names
  warnings.warn(
/Users/marmik/Network-Defence/.venv/lib/python3.13/site-packages/sklearn/utils/validation.py:2684: UserWarning: X has feature names, but IsolationForest was fitted without feature names
  warnings.warn(
Flushed expired rules: ['17.242.13.5']
/Users/marmik/Network-Defence/.venv/lib/python3.13/site-packages/sklearn/utils/validation.py:2684: UserWarning: X has feature names, but IsolationForest was fitted without feature names
  warnings.warn(
/Users/marmik/Network-Defence/.venv/lib/python3.13/site-packages/sklearn/utils/validation.py:2684: UserWarning: X has feature names, but IsolationForest was fitted without feature names
  warnings.warn(
Tactical Threat: 216.239.34.223 | Risk: 100.0 | Action: BLOCK
/Users/marmik/Network-Defence/.venv/lib/python3.13/site-packages/sklearn/utils/validation.py:2684: UserWarning: X has feature names, but IsolationForest was fitted without feature names
  warnings.warn(
/Users/marmik/Network-Defence/.venv/lib/python3.13/site-packages/sklearn/utils/validation.py:2684: UserWarning: X has feature names, but IsolationForest was fitted without feature names
  warnings.warn(
Tactical Threat: 216.239.34.223 | Risk: 67.1 | Action: BLOCK
/Users/marmik/Network-Defence/.venv/lib/python3.13/site-packages/sklearn/utils/validation.py:2684: UserWarning: X has feature names, but IsolationForest was fitted without feature names
  warnings.warn(
/Users/marmik/Network-Defence/.venv/lib/python3.13/site-packages/sklearn/utils/validation.py:2684: UserWarning: X has feature names, but IsolationForest was fitted without feature names
  warnings.warn(
Tactical Threat: 216.239.34.223 | Risk: 100.0 | Action: BLOCK
/Users/marmik/Network-Defence/.venv/lib/python3.13/site-packages/sklearn/utils/validation.py:2684: UserWarning: X has feature names, but IsolationForest was fitted without feature names
  warnings.warn(
/Users/marmik/Network-Defence/.venv/lib/python3.13/site-packages/sklearn/utils/validation.py:2684: UserWarning: X has feature names, but IsolationForest was fitted without feature names
  warnings.warn(
Tactical Threat: 216.239.34.223 | Risk: 68.1 | Action: BLOCK
